#
# A fatal error has been detected by the Java Runtime Environment:
#
#  EXCEPTION_ACCESS_VIOLATION (0xc0000005) at pc=0x0000013f544cc1d8, pid=11640, tid=12376
#
# JRE version: OpenJDK Runtime Environment Zulu11.41+23-CA (11.0.8+10) (build 11.0.8+10-LTS)
# Java VM: OpenJDK 64-Bit Server VM Zulu11.41+23-CA (11.0.8+10-LTS, mixed mode, tiered, compressed oops, g1 gc, windows-amd64)
# Problematic frame:
# J 3003 c1 java.lang.Class.copyConstructors([Ljava/lang/reflect/Constructor;)[Ljava/lang/reflect/Constructor; java.base@11.0.8 (38 bytes) @ 0x0000013f544cc1d8 [0x0000013f544cbc80+0x0000000000000558]
#
# No core dump will be written. Minidumps are not enabled by default on client versions of Windows
#
# If you would like to submit a bug report, please visit:
#   http://www.azulsystems.com/support/
#

---------------  S U M M A R Y ------------

Command Line: C:\Users\Xose\AppData\Local\Temp\surefire13313171666704579061\surefirebooter410740325651553267.jar C:\Users\Xose\AppData\Local\Temp\surefire13313171666704579061 2020-11-03T16-02-21_502-jvmRun1 surefire13646136373508435005tmp surefire_04805322843485976327tmp

Host: AMD Ryzen 5 2600X Six-Core Processor           , 4 cores, 7G,  Windows 10 , 64 bit Build 17763 (10.0.17763.475)
Time: Tue Nov  3 16:02:47 2020 Hora estándar romance elapsed time: 25 seconds (0d 0h 0m 25s)

---------------  T H R E A D  ---------------

Current thread (0x0000013f4b03d800):  JavaThread "main" [_thread_in_Java, id=12376, stack(0x00000002bbd00000,0x00000002bbe00000)]

Stack: [0x00000002bbd00000,0x00000002bbe00000],  sp=0x00000002bbdfbc18,  free space=1007k
Native frames: (J=compiled Java code, j=interpreted, Vv=VM code, C=native code)
C  0x0000013f544cc1d8


siginfo: EXCEPTION_ACCESS_VIOLATION (0xc0000005), writing address 0x0000000000000644


Register to memory mapping:

RIP=0x0000013f544cc1d8 is at entry_point+1368 in (nmethod*)0x0000013f544cba10
RAX=0x0000013f6c12fc58 is pointing into metadata
RBX=0x0000000089c2f820 is an oop: [Ljava.lang.reflect.Constructor; 
{0x0000000089c2f820} - klass: 'java/lang/reflect/Constructor'[]
 - length: 1
RCX=0x0000000000000140 is an unknown value
RDX=0x00000000812cc900 is an oop: java.lang.reflect.Constructor 
{0x00000000812cc900} - klass: 'java/lang/reflect/Constructor'
RSP=0x00000002bbdfbc18 is pointing into the stack for thread: 0x0000013f4b03d800
RBP=0x00000000853e2f48 is an oop: org.springframework.beans.factory.support.DefaultListableBeanFactory 
{0x00000000853e2f48} - klass: 'org/springframework/beans/factory/support/DefaultListableBeanFactory'
RSI=0x0000000080222b10 is an oop: jdk.internal.reflect.ReflectionFactory 
{0x0000000080222b10} - klass: 'jdk/internal/reflect/ReflectionFactory'
RDI=0x0 is NULL
R8 =0x0000000000000004 is an unknown value
R9 =0x00000000812cc8e8 is an oop: [Ljava.lang.reflect.Constructor; 
{0x00000000812cc8e8} - klass: 'java/lang/reflect/Constructor'[]
 - length: 1
R10=0x000000010001c0a0 is a pointer to class: 
jdk.internal.reflect.ReflectionFactory {0x000000010001c0a8}
R11=0x00000002bbdfbaa8 is pointing into the stack for thread: 0x0000013f4b03d800
R12=0x0 is NULL
R13=0x00000000812cb0d8 is an oop: java.lang.Class$ReflectionData 
{0x00000000812cb0d8} - klass: 'java/lang/Class$ReflectionData'
R14=0x0000013f62d252a3 points into unknown readable memory: 20 20 20 20 20
R15=0x0000013f4b03d800 is a thread


Registers:
RAX=0x0000013f6c12fc58, RBX=0x0000000089c2f820, RCX=0x0000000000000140, RDX=0x00000000812cc900
RSP=0x00000002bbdfbc18, RBP=0x00000000853e2f48, RSI=0x0000000080222b10, RDI=0x0000000000000000
R8 =0x0000000000000004, R9 =0x00000000812cc8e8, R10=0x000000010001c0a0, R11=0x00000002bbdfbaa8
R12=0x0000000000000000, R13=0x00000000812cb0d8, R14=0x0000013f62d252a3, R15=0x0000013f4b03d800
RIP=0x0000013f544cc1d8, EFLAGS=0x0000000000010286

Top of Stack: (sp=0x00000002bbdfbc18)
0x00000002bbdfbc18:   0000013f6c12fc58 00000000853e2f48
0x00000002bbdfbc28:   0000013f5b6ddab4 00000000853e2f48
0x00000002bbdfbc38:   00007ff98dc8f504 0000000000000001
0x00000002bbdfbc48:   0000013f5b411593 00000000812cb028
0x00000002bbdfbc58:   00000002bbdfbcb0 0000013f74918d38
0x00000002bbdfbc68:   0000000000000f09 00000000812cb028
0x00000002bbdfbc78:   0000013f00000000 0000000080f54988
0x00000002bbdfbc88:   00000000812cb028 0000000089c2f820
0x00000002bbdfbc98:   0000000084a54648 0000000080222b10
0x00000002bbdfbca8:   0000000089c2f670 00000000853e2f48
0x00000002bbdfbcb8:   0000013f551db724 0000000089c2f670
0x00000002bbdfbcc8:   00000001001a3458 00000000812f68f0
0x00000002bbdfbcd8:   0000000100000001 000000010008e580
0x00000002bbdfbce8:   000000010019c4c0 0000000080f41098
0x00000002bbdfbcf8:   00000000803ed550 0000000089c2f598
0x00000002bbdfbd08:   0000000089d45448 00000000853e2f48 

Instructions: (pc=0x0000013f544cc1d8)
0x0000013f544cc0d8:   9f 54 70 3f 01 00 00 48 b8 c0 01 00 00 00 00 00
0x0000013f544cc0e8:   00 0f 8d 0a 00 00 00 48 b8 d0 01 00 00 00 00 00
0x0000013f544cc0f8:   00 48 8b 0c 02 48 8d 49 01 48 89 0c 02 0f 8d 5b
0x0000013f544cc108:   03 00 00 48 63 d7 8b 54 93 10 48 3b 06 48 8b c6
0x0000013f544cc118:   48 b9 70 9f 54 70 3f 01 00 00 49 ba a0 c0 01 00
0x0000013f544cc128:   01 00 00 00 4c 89 91 f0 01 00 00 48 83 81 f8 01
0x0000013f544cc138:   00 00 01 48 b8 50 e7 bf 6e 3f 01 00 00 8b 88 04
0x0000013f544cc148:   01 00 00 83 c1 08 89 88 04 01 00 00 81 e1 f8 ff
0x0000013f544cc158:   7f 00 83 f9 00 0f 84 fe 03 00 00 48 b8 50 e7 bf
0x0000013f544cc168:   6e 3f 01 00 00 48 83 80 40 01 00 00 01 48 b8 58
0x0000013f544cc178:   fc 12 6c 3f 01 00 00 8b 88 04 01 00 00 83 c1 08
0x0000013f544cc188:   89 88 04 01 00 00 81 e1 f8 ff 7f 00 83 f9 00 0f
0x0000013f544cc198:   84 e5 03 00 00 48 b8 c0 fe 04 80 00 00 00 00 8b
0x0000013f544cc1a8:   40 74 48 83 f8 00 48 b8 58 fc 12 6c 3f 01 00 00
0x0000013f544cc1b8:   48 b9 40 01 00 00 00 00 00 00 0f 85 0a 00 00 00
0x0000013f544cc1c8:   48 b9 50 01 00 00 00 00 00 00 4c 8b 04 08 4d 8d
0x0000013f544cc1d8:   40 01 4c 89 04 08 0f 85 5a 00 00 00 48 b8 58 fc
0x0000013f544cc1e8:   12 6c 3f 01 00 00 48 83 80 60 01 00 00 01 48 b8
0x0000013f544cc1f8:   60 b3 1b 6a 3f 01 00 00 8b 88 04 01 00 00 83 c1
0x0000013f544cc208:   08 89 88 04 01 00 00 81 e1 f8 ff 7f 00 83 f9 00
0x0000013f544cc218:   0f 84 85 03 00 00 48 b8 60 b3 1b 6a 3f 01 00 00
0x0000013f544cc228:   ff 80 50 01 00 00 48 b8 60 b3 1b 6a 3f 01 00 00
0x0000013f544cc238:   ff 80 60 01 00 00 48 b8 c0 fe 04 80 00 00 00 00
0x0000013f544cc248:   8b 40 74 89 7c 24 78 48 83 f8 00 0f 84 21 00 00
0x0000013f544cc258:   00 49 bb c0 9b 02 00 01 00 00 00 44 8b 48 08 49
0x0000013f544cc268:   c1 e1 03 4d 3b 59 38 0f 85 4f 03 00 00 e9 00 00
0x0000013f544cc278:   00 00 48 8b c8 48 3b 00 48 b9 50 e7 bf 6e 3f 01
0x0000013f544cc288:   00 00 48 83 81 68 01 00 00 01 48 b8 20 e9 bf 6e
0x0000013f544cc298:   3f 01 00 00 8b 88 04 01 00 00 83 c1 08 89 88 04
0x0000013f544cc2a8:   01 00 00 81 e1 f8 ff 7f 00 83 f9 00 0f 84 14 03
0x0000013f544cc2b8:   00 00 48 3b 02 48 8b c2 48 b9 20 e9 bf 6e 3f 01
0x0000013f544cc2c8:   00 00 48 83 81 40 01 00 00 01 0f 1f 44 00 00 e8 


Stack slot to memory mapping:
stack at sp + 0 slots: 0x0000013f6c12fc58 is pointing into metadata
stack at sp + 1 slots: 0x00000000853e2f48 is an oop: org.springframework.beans.factory.support.DefaultListableBeanFactory 
{0x00000000853e2f48} - klass: 'org/springframework/beans/factory/support/DefaultListableBeanFactory'
stack at sp + 2 slots: 0x0000013f5b6ddab4 is at entry_point+1204 in (nmethod*)0x0000013f5b6dd410
stack at sp + 3 slots: 0x00000000853e2f48 is an oop: org.springframework.beans.factory.support.DefaultListableBeanFactory 
{0x00000000853e2f48} - klass: 'org/springframework/beans/factory/support/DefaultListableBeanFactory'
stack at sp + 4 slots: 0x00007ff98dc8f504 jvm.dll
stack at sp + 5 slots: 0x0000000000000001 is an unknown value
stack at sp + 6 slots: 0x0000013f5b411593 is at entry_point+211 in (nmethod*)0x0000013f5b411310
stack at sp + 7 slots: 0x00000000812cb028 is an oop: java.lang.Class 
{0x00000000812cb028} - klass: 'java/lang/Class'



---------------  P R O C E S S  ---------------

Threads class SMR info:
_java_thread_list=0x0000013f71c73560, length=25, elements={
0x0000013f4b03d800, 0x0000013f69a22000, 0x0000013f6a238800, 0x0000013f6a283800,
0x0000013f6a285800, 0x0000013f6a289800, 0x0000013f6a292000, 0x0000013f6a2bd800,
0x0000013f6a43b000, 0x0000013f6a43f800, 0x0000013f6a495800, 0x0000013f6a28f800,
0x0000013f6a28d800, 0x0000013f6a28e800, 0x0000013f6a290000, 0x0000013f6a291000,
0x0000013f6a292800, 0x0000013f6f50c800, 0x0000013f6f50a800, 0x0000013f6f50b800,
0x0000013f6f50a000, 0x0000013f6bf5d000, 0x0000013f6bf61000, 0x0000013f6a28d000,
0x0000013f6c406000
}

Java Threads: ( => current thread )
=>0x0000013f4b03d800 JavaThread "main" [_thread_in_Java, id=12376, stack(0x00000002bbd00000,0x00000002bbe00000)]
  0x0000013f69a22000 JavaThread "Reference Handler" daemon [_thread_blocked, id=11280, stack(0x00000002bc400000,0x00000002bc500000)]
  0x0000013f6a238800 JavaThread "Finalizer" daemon [_thread_blocked, id=8704, stack(0x00000002bc500000,0x00000002bc600000)]
  0x0000013f6a283800 JavaThread "Signal Dispatcher" daemon [_thread_blocked, id=14116, stack(0x00000002bc600000,0x00000002bc700000)]
  0x0000013f6a285800 JavaThread "Attach Listener" daemon [_thread_blocked, id=8860, stack(0x00000002bc700000,0x00000002bc800000)]
  0x0000013f6a289800 JavaThread "C2 CompilerThread0" daemon [_thread_in_native, id=15280, stack(0x00000002bc800000,0x00000002bc900000)]
  0x0000013f6a292000 JavaThread "C1 CompilerThread0" daemon [_thread_blocked, id=4148, stack(0x00000002bc900000,0x00000002bca00000)]
  0x0000013f6a2bd800 JavaThread "Sweeper thread" daemon [_thread_blocked, id=6704, stack(0x00000002bca00000,0x00000002bcb00000)]
  0x0000013f6a43b000 JavaThread "Service Thread" daemon [_thread_blocked, id=12616, stack(0x00000002bcb00000,0x00000002bcc00000)]
  0x0000013f6a43f800 JavaThread "Common-Cleaner" daemon [_thread_blocked, id=11600, stack(0x00000002bcd00000,0x00000002bce00000)]
  0x0000013f6a495800 JavaThread "surefire-forkedjvm-ping-30s" daemon [_thread_blocked, id=9124, stack(0x00000002bcf00000,0x00000002bd000000)]
  0x0000013f6a28f800 JavaThread "spring.cloud.inetutils" daemon [_thread_blocked, id=16020, stack(0x00000002bce00000,0x00000002bcf00000)]
  0x0000013f6a28d800 JavaThread "Apache-HttpClient-Conn-Cleaner2" daemon [_thread_blocked, id=13952, stack(0x00000002bd400000,0x00000002bd500000)]
  0x0000013f6a28e800 JavaThread "AsyncResolver-bootstrap-0" daemon [_thread_blocked, id=6652, stack(0x00000002bd600000,0x00000002bd700000)]
  0x0000013f6a290000 JavaThread "DiscoveryClient-0" daemon [_thread_blocked, id=12284, stack(0x00000002bd200000,0x00000002bd300000)]
  0x0000013f6a291000 JavaThread "DiscoveryClient-1" daemon [_thread_blocked, id=5244, stack(0x00000002bd800000,0x00000002bd900000)]
  0x0000013f6a292800 JavaThread "DiscoveryClient-InstanceInfoReplicator-0" daemon [_thread_blocked, id=10868, stack(0x00000002bd900000,0x00000002bda00000)]
  0x0000013f6f50c800 JavaThread "spring.cloud.inetutils" daemon [_thread_blocked, id=11656, stack(0x00000002bdb00000,0x00000002bdc00000)]
  0x0000013f6f50a800 JavaThread "Apache-HttpClient-Conn-Cleaner2" daemon [_thread_blocked, id=4808, stack(0x00000002bdc00000,0x00000002bdd00000)]
  0x0000013f6f50b800 JavaThread "AsyncResolver-bootstrap-0" daemon [_thread_blocked, id=2956, stack(0x00000002bdd00000,0x00000002bde00000)]
  0x0000013f6f50a000 JavaThread "DiscoveryClient-0" daemon [_thread_blocked, id=7956, stack(0x00000002bda00000,0x00000002bdb00000)]
  0x0000013f6bf5d000 JavaThread "DiscoveryClient-1" daemon [_thread_blocked, id=15432, stack(0x00000002bde00000,0x00000002bdf00000)]
  0x0000013f6bf61000 JavaThread "DiscoveryClient-InstanceInfoReplicator-0" daemon [_thread_blocked, id=13652, stack(0x00000002bdf00000,0x00000002be000000)]
  0x0000013f6a28d000 JavaThread "C2 CompilerThread1" daemon [_thread_in_native, id=14884, stack(0x00000002be000000,0x00000002be100000)]
  0x0000013f6c406000 JavaThread "spring.cloud.inetutils" daemon [_thread_blocked, id=14184, stack(0x00000002be100000,0x00000002be200000)]

Other Threads:
  0x0000013f69a1f800 VMThread "VM Thread" [stack: 0x00000002bc300000,0x00000002bc400000] [id=13244]
  0x0000013f6a43d800 WatcherThread [stack: 0x00000002bcc00000,0x00000002bcd00000] [id=11136]
  0x0000013f4b04e000 GCTaskThread "GC Thread#0" [stack: 0x00000002bbc00000,0x00000002bbd00000] [id=7836]
  0x0000013f6a62e000 GCTaskThread "GC Thread#1" [stack: 0x00000002bd000000,0x00000002bd100000] [id=2368]
  0x0000013f6a916000 GCTaskThread "GC Thread#2" [stack: 0x00000002bd100000,0x00000002bd200000] [id=14228]
  0x0000013f6ba69000 GCTaskThread "GC Thread#3" [stack: 0x00000002bd500000,0x00000002bd600000] [id=132]
  0x0000013f4b07f000 ConcurrentGCThread "G1 Main Marker" [stack: 0x00000002bbf00000,0x00000002bc000000] [id=15184]
  0x0000013f4b081800 ConcurrentGCThread "G1 Conc#0" [stack: 0x00000002bc000000,0x00000002bc100000] [id=14016]
  0x0000013f4b0de800 ConcurrentGCThread "G1 Refine#0" [stack: 0x00000002bc100000,0x00000002bc200000] [id=6996]
  0x0000013f6a966000 ConcurrentGCThread "G1 Refine#1" [stack: 0x00000002bd300000,0x00000002bd400000] [id=3324]
  0x0000013f69867800 ConcurrentGCThread "G1 Young RemSet Sampling" [stack: 0x00000002bc200000,0x00000002bc300000] [id=16088]

Threads with active compile tasks:
C2 CompilerThread0  25532 9255       4       java.beans.Introspector::getTargetMethodInfo (250 bytes)
C2 CompilerThread1  25532 9254       4       java.beans.BeanDescriptor::<init> (145 bytes)

VM state:not at safepoint (normal execution)

VM Mutex/Monitor currently owned by a thread: None

Heap address: 0x0000000080000000, size: 2048 MB, Compressed Oops mode: 32-bit
Narrow klass base: 0x0000000000000000, Narrow klass shift: 3
Compressed class space size: 1073741824 Address: 0x0000000100000000

Heap:
 garbage-first heap   total 189440K, used 84185K [0x0000000080000000, 0x0000000100000000)
  region size 1024K, 38 young (38912K), 9 survivors (9216K)
 Metaspace       used 72345K, capacity 74508K, committed 74748K, reserved 1114112K
  class space    used 9446K, capacity 10298K, committed 10368K, reserved 1048576K
Heap Regions: E=young(eden), S=young(survivor), O=old, HS=humongous(starts), HC=humongous(continues), CS=collection set, F=free, A=archive, TAMS=top-at-mark-start (previous, next)
|   0|0x0000000080000000, 0x0000000080100000, 0x0000000080100000|100%| O|  |TAMS 0x0000000080100000, 0x0000000080000000| Untracked 
|   1|0x0000000080100000, 0x0000000080200000, 0x0000000080200000|100%|HS|  |TAMS 0x0000000080200000, 0x0000000080100000| Complete 
|   2|0x0000000080200000, 0x0000000080300000, 0x0000000080300000|100%| O|  |TAMS 0x0000000080300000, 0x0000000080200000| Untracked 
|   3|0x0000000080300000, 0x0000000080400000, 0x0000000080400000|100%| O|  |TAMS 0x0000000080400000, 0x0000000080300000| Untracked 
|   4|0x0000000080400000, 0x0000000080500000, 0x0000000080500000|100%| O|  |TAMS 0x0000000080500000, 0x0000000080400000| Untracked 
|   5|0x0000000080500000, 0x0000000080600000, 0x0000000080600000|100%| O|  |TAMS 0x0000000080600000, 0x0000000080500000| Untracked 
|   6|0x0000000080600000, 0x0000000080700000, 0x0000000080700000|100%| O|  |TAMS 0x0000000080700000, 0x0000000080600000| Untracked 
|   7|0x0000000080700000, 0x0000000080800000, 0x0000000080800000|100%| O|  |TAMS 0x0000000080800000, 0x0000000080700000| Untracked 
|   8|0x0000000080800000, 0x0000000080900000, 0x0000000080900000|100%| O|  |TAMS 0x0000000080900000, 0x0000000080800000| Untracked 
|   9|0x0000000080900000, 0x0000000080a00000, 0x0000000080a00000|100%| O|  |TAMS 0x0000000080a00000, 0x0000000080900000| Untracked 
|  10|0x0000000080a00000, 0x0000000080b00000, 0x0000000080b00000|100%| O|  |TAMS 0x0000000080b00000, 0x0000000080a00000| Untracked 
|  11|0x0000000080b00000, 0x0000000080c00000, 0x0000000080c00000|100%| O|  |TAMS 0x0000000080c00000, 0x0000000080b00000| Untracked 
|  12|0x0000000080c00000, 0x0000000080d00000, 0x0000000080d00000|100%| O|  |TAMS 0x0000000080d00000, 0x0000000080c00000| Untracked 
|  13|0x0000000080d00000, 0x0000000080e00000, 0x0000000080e00000|100%| O|  |TAMS 0x0000000080e00000, 0x0000000080d00000| Untracked 
|  14|0x0000000080e00000, 0x0000000080f00000, 0x0000000080f00000|100%| O|  |TAMS 0x0000000080f00000, 0x0000000080e00000| Untracked 
|  15|0x0000000080f00000, 0x0000000081000000, 0x0000000081000000|100%| O|  |TAMS 0x0000000081000000, 0x0000000080f00000| Untracked 
|  16|0x0000000081000000, 0x0000000081100000, 0x0000000081100000|100%| O|  |TAMS 0x0000000081100000, 0x0000000081000000| Untracked 
|  17|0x0000000081100000, 0x0000000081200000, 0x0000000081200000|100%| O|  |TAMS 0x0000000081200000, 0x0000000081100000| Untracked 
|  18|0x0000000081200000, 0x0000000081300000, 0x0000000081300000|100%| O|  |TAMS 0x0000000081300000, 0x0000000081200000| Untracked 
|  19|0x0000000081300000, 0x0000000081400000, 0x0000000081400000|100%| O|  |TAMS 0x0000000081400000, 0x0000000081300000| Untracked 
|  20|0x0000000081400000, 0x0000000081500000, 0x0000000081500000|100%| O|  |TAMS 0x0000000081500000, 0x0000000081400000| Untracked 
|  21|0x0000000081500000, 0x0000000081600000, 0x0000000081600000|100%| O|  |TAMS 0x0000000081600000, 0x0000000081500000| Untracked 
|  22|0x0000000081600000, 0x0000000081700000, 0x0000000081700000|100%| O|  |TAMS 0x0000000081700000, 0x0000000081600000| Untracked 
|  23|0x0000000081700000, 0x0000000081800000, 0x0000000081800000|100%| O|  |TAMS 0x0000000081800000, 0x0000000081700000| Untracked 
|  24|0x0000000081800000, 0x0000000081900000, 0x0000000081900000|100%| O|  |TAMS 0x0000000081900000, 0x0000000081800000| Untracked 
|  25|0x0000000081900000, 0x0000000081a00000, 0x0000000081a00000|100%| O|  |TAMS 0x0000000081a00000, 0x0000000081900000| Untracked 
|  26|0x0000000081a00000, 0x0000000081b00000, 0x0000000081b00000|100%| O|  |TAMS 0x0000000081b00000, 0x0000000081a00000| Untracked 
|  27|0x0000000081b00000, 0x0000000081c00000, 0x0000000081c00000|100%| O|  |TAMS 0x0000000081c00000, 0x0000000081b00000| Untracked 
|  28|0x0000000081c00000, 0x0000000081d00000, 0x0000000081d00000|100%| O|  |TAMS 0x0000000081d00000, 0x0000000081c00000| Untracked 
|  29|0x0000000081d00000, 0x0000000081e00000, 0x0000000081e00000|100%| O|  |TAMS 0x0000000081e00000, 0x0000000081d00000| Untracked 
|  30|0x0000000081e00000, 0x0000000081f00000, 0x0000000081f00000|100%| O|  |TAMS 0x0000000081f00000, 0x0000000081e00000| Untracked 
|  31|0x0000000081f00000, 0x0000000082000000, 0x0000000082000000|100%| O|  |TAMS 0x0000000082000000, 0x0000000081f00000| Untracked 
|  32|0x0000000082000000, 0x0000000082100000, 0x0000000082100000|100%| O|  |TAMS 0x00000000820ece00, 0x0000000082000000| Untracked 
|  33|0x0000000082100000, 0x0000000082200000, 0x0000000082200000|100%| O|  |TAMS 0x0000000082100000, 0x0000000082100000| Untracked 
|  34|0x0000000082200000, 0x0000000082300000, 0x0000000082300000|100%| O|  |TAMS 0x0000000082200000, 0x0000000082200000| Untracked 
|  35|0x0000000082300000, 0x0000000082400000, 0x0000000082400000|100%| O|  |TAMS 0x0000000082300000, 0x0000000082300000| Untracked 
|  36|0x0000000082400000, 0x0000000082500000, 0x0000000082500000|100%| O|  |TAMS 0x0000000082400000, 0x0000000082400000| Untracked 
|  37|0x0000000082500000, 0x0000000082600000, 0x0000000082600000|100%| O|  |TAMS 0x0000000082500000, 0x0000000082500000| Untracked 
|  38|0x0000000082600000, 0x0000000082700000, 0x0000000082700000|100%| O|  |TAMS 0x0000000082600000, 0x0000000082600000| Untracked 
|  39|0x0000000082700000, 0x0000000082800000, 0x0000000082800000|100%| O|  |TAMS 0x0000000082700000, 0x0000000082700000| Untracked 
|  40|0x0000000082800000, 0x0000000082900000, 0x0000000082900000|100%| O|  |TAMS 0x0000000082800000, 0x0000000082800000| Untracked 
|  41|0x0000000082900000, 0x0000000082a00000, 0x0000000082a00000|100%| O|  |TAMS 0x0000000082900000, 0x0000000082900000| Untracked 
|  42|0x0000000082a00000, 0x0000000082b00000, 0x0000000082b00000|100%| O|  |TAMS 0x0000000082a00000, 0x0000000082a00000| Untracked 
|  43|0x0000000082b00000, 0x0000000082c00000, 0x0000000082c00000|100%| O|  |TAMS 0x0000000082b00000, 0x0000000082b00000| Untracked 
|  44|0x0000000082c00000, 0x0000000082d00000, 0x0000000082d00000|100%| O|  |TAMS 0x0000000082c00000, 0x0000000082c00000| Untracked 
|  45|0x0000000082d00000, 0x0000000082dce600, 0x0000000082e00000| 80%| O|  |TAMS 0x0000000082d00000, 0x0000000082d00000| Untracked 
|  46|0x0000000082e00000, 0x0000000082e00000, 0x0000000082f00000|  0%| F|  |TAMS 0x0000000082e00000, 0x0000000082e00000| Untracked 
|  47|0x0000000082f00000, 0x0000000082f00000, 0x0000000083000000|  0%| F|  |TAMS 0x0000000082f00000, 0x0000000082f00000| Untracked 
|  48|0x0000000083000000, 0x0000000083000000, 0x0000000083100000|  0%| F|  |TAMS 0x0000000083000000, 0x0000000083000000| Untracked 
|  49|0x0000000083100000, 0x0000000083100000, 0x0000000083200000|  0%| F|  |TAMS 0x0000000083100000, 0x0000000083100000| Untracked 
|  50|0x0000000083200000, 0x0000000083200000, 0x0000000083300000|  0%| F|  |TAMS 0x0000000083200000, 0x0000000083200000| Untracked 
|  51|0x0000000083300000, 0x0000000083300000, 0x0000000083400000|  0%| F|  |TAMS 0x0000000083300000, 0x0000000083300000| Untracked 
|  52|0x0000000083400000, 0x0000000083400000, 0x0000000083500000|  0%| F|  |TAMS 0x0000000083400000, 0x0000000083400000| Untracked 
|  53|0x0000000083500000, 0x0000000083500000, 0x0000000083600000|  0%| F|  |TAMS 0x0000000083500000, 0x0000000083500000| Untracked 
|  54|0x0000000083600000, 0x0000000083600000, 0x0000000083700000|  0%| F|  |TAMS 0x0000000083600000, 0x0000000083600000| Untracked 
|  55|0x0000000083700000, 0x0000000083700000, 0x0000000083800000|  0%| F|  |TAMS 0x0000000083700000, 0x0000000083700000| Untracked 
|  56|0x0000000083800000, 0x0000000083800000, 0x0000000083900000|  0%| F|  |TAMS 0x0000000083800000, 0x0000000083800000| Untracked 
|  57|0x0000000083900000, 0x0000000083900000, 0x0000000083a00000|  0%| F|  |TAMS 0x0000000083900000, 0x0000000083900000| Untracked 
|  58|0x0000000083a00000, 0x0000000083a00000, 0x0000000083b00000|  0%| F|  |TAMS 0x0000000083a00000, 0x0000000083a00000| Untracked 
|  59|0x0000000083b00000, 0x0000000083b00000, 0x0000000083c00000|  0%| F|  |TAMS 0x0000000083b00000, 0x0000000083b00000| Untracked 
|  60|0x0000000083c00000, 0x0000000083c00000, 0x0000000083d00000|  0%| F|  |TAMS 0x0000000083c00000, 0x0000000083c00000| Untracked 
|  61|0x0000000083d00000, 0x0000000083d00000, 0x0000000083e00000|  0%| F|  |TAMS 0x0000000083d00000, 0x0000000083d00000| Untracked 
|  62|0x0000000083e00000, 0x0000000083e00000, 0x0000000083f00000|  0%| F|  |TAMS 0x0000000083e00000, 0x0000000083e00000| Untracked 
|  63|0x0000000083f00000, 0x0000000083f00000, 0x0000000084000000|  0%| F|  |TAMS 0x0000000083f00000, 0x0000000083f00000| Untracked 
|  64|0x0000000084000000, 0x0000000084000000, 0x0000000084100000|  0%| F|  |TAMS 0x0000000084000000, 0x0000000084000000| Untracked 
|  65|0x0000000084100000, 0x0000000084100000, 0x0000000084200000|  0%| F|  |TAMS 0x0000000084100000, 0x0000000084100000| Untracked 
|  66|0x0000000084200000, 0x0000000084200000, 0x0000000084300000|  0%| F|  |TAMS 0x0000000084200000, 0x0000000084200000| Untracked 
|  67|0x0000000084300000, 0x0000000084300000, 0x0000000084400000|  0%| F|  |TAMS 0x0000000084300000, 0x0000000084300000| Untracked 
|  68|0x0000000084400000, 0x0000000084400000, 0x0000000084500000|  0%| F|  |TAMS 0x0000000084400000, 0x0000000084400000| Untracked 
|  69|0x0000000084500000, 0x0000000084500000, 0x0000000084600000|  0%| F|  |TAMS 0x0000000084500000, 0x0000000084500000| Untracked 
|  70|0x0000000084600000, 0x0000000084668150, 0x0000000084700000| 40%| S|CS|TAMS 0x0000000084600000, 0x0000000084600000| Complete 
|  71|0x0000000084700000, 0x0000000084800000, 0x0000000084800000|100%| S|CS|TAMS 0x0000000084700000, 0x0000000084700000| Complete 
|  72|0x0000000084800000, 0x0000000084900000, 0x0000000084900000|100%| S|CS|TAMS 0x0000000084800000, 0x0000000084800000| Complete 
|  73|0x0000000084900000, 0x0000000084a00000, 0x0000000084a00000|100%| S|CS|TAMS 0x0000000084900000, 0x0000000084900000| Complete 
|  74|0x0000000084a00000, 0x0000000084b00000, 0x0000000084b00000|100%| S|CS|TAMS 0x0000000084a00000, 0x0000000084a00000| Complete 
|  75|0x0000000084b00000, 0x0000000084c00000, 0x0000000084c00000|100%| S|CS|TAMS 0x0000000084b00000, 0x0000000084b00000| Complete 
|  76|0x0000000084c00000, 0x0000000084c00000, 0x0000000084d00000|  0%| F|  |TAMS 0x0000000084c00000, 0x0000000084c00000| Untracked 
|  77|0x0000000084d00000, 0x0000000084d00000, 0x0000000084e00000|  0%| F|  |TAMS 0x0000000084d00000, 0x0000000084d00000| Untracked 
|  78|0x0000000084e00000, 0x0000000084e00000, 0x0000000084f00000|  0%| F|  |TAMS 0x0000000084e00000, 0x0000000084e00000| Untracked 
|  79|0x0000000084f00000, 0x0000000084f00000, 0x0000000085000000|  0%| F|  |TAMS 0x0000000084f00000, 0x0000000084f00000| Untracked 
|  80|0x0000000085000000, 0x0000000085000000, 0x0000000085100000|  0%| F|  |TAMS 0x0000000085000000, 0x0000000085000000| Untracked 
|  81|0x0000000085100000, 0x0000000085200000, 0x0000000085200000|100%| S|CS|TAMS 0x0000000085100000, 0x0000000085100000| Complete 
|  82|0x0000000085200000, 0x0000000085300000, 0x0000000085300000|100%| S|CS|TAMS 0x0000000085200000, 0x0000000085200000| Complete 
|  83|0x0000000085300000, 0x0000000085400000, 0x0000000085400000|100%| S|CS|TAMS 0x0000000085300000, 0x0000000085300000| Complete 
|  84|0x0000000085400000, 0x0000000085400000, 0x0000000085500000|  0%| F|  |TAMS 0x0000000085400000, 0x0000000085400000| Untracked 
|  85|0x0000000085500000, 0x0000000085500000, 0x0000000085600000|  0%| F|  |TAMS 0x0000000085500000, 0x0000000085500000| Untracked 
|  86|0x0000000085600000, 0x0000000085600000, 0x0000000085700000|  0%| F|  |TAMS 0x0000000085600000, 0x0000000085600000| Untracked 
|  87|0x0000000085700000, 0x0000000085700000, 0x0000000085800000|  0%| F|  |TAMS 0x0000000085700000, 0x0000000085700000| Untracked 
|  88|0x0000000085800000, 0x0000000085800000, 0x0000000085900000|  0%| F|  |TAMS 0x0000000085800000, 0x0000000085800000| Untracked 
|  89|0x0000000085900000, 0x0000000085900000, 0x0000000085a00000|  0%| F|  |TAMS 0x0000000085900000, 0x0000000085900000| Untracked 
|  90|0x0000000085a00000, 0x0000000085a00000, 0x0000000085b00000|  0%| F|  |TAMS 0x0000000085a00000, 0x0000000085a00000| Untracked 
|  91|0x0000000085b00000, 0x0000000085b00000, 0x0000000085c00000|  0%| F|  |TAMS 0x0000000085b00000, 0x0000000085b00000| Untracked 
|  92|0x0000000085c00000, 0x0000000085c00000, 0x0000000085d00000|  0%| F|  |TAMS 0x0000000085c00000, 0x0000000085c00000| Untracked 
|  93|0x0000000085d00000, 0x0000000085d00000, 0x0000000085e00000|  0%| F|  |TAMS 0x0000000085d00000, 0x0000000085d00000| Untracked 
|  94|0x0000000085e00000, 0x0000000085e00000, 0x0000000085f00000|  0%| F|  |TAMS 0x0000000085e00000, 0x0000000085e00000| Untracked 
|  95|0x0000000085f00000, 0x0000000085f00000, 0x0000000086000000|  0%| F|  |TAMS 0x0000000085f00000, 0x0000000085f00000| Untracked 
|  96|0x0000000086000000, 0x0000000086000000, 0x0000000086100000|  0%| F|  |TAMS 0x0000000086000000, 0x0000000086000000| Untracked 
|  97|0x0000000086100000, 0x0000000086100000, 0x0000000086200000|  0%| F|  |TAMS 0x0000000086100000, 0x0000000086100000| Untracked 
|  98|0x0000000086200000, 0x0000000086200000, 0x0000000086300000|  0%| F|  |TAMS 0x0000000086200000, 0x0000000086200000| Untracked 
|  99|0x0000000086300000, 0x0000000086300000, 0x0000000086400000|  0%| F|  |TAMS 0x0000000086300000, 0x0000000086300000| Untracked 
| 100|0x0000000086400000, 0x0000000086400000, 0x0000000086500000|  0%| F|  |TAMS 0x0000000086400000, 0x0000000086400000| Untracked 
| 101|0x0000000086500000, 0x0000000086500000, 0x0000000086600000|  0%| F|  |TAMS 0x0000000086500000, 0x0000000086500000| Untracked 
| 102|0x0000000086600000, 0x0000000086600000, 0x0000000086700000|  0%| F|  |TAMS 0x0000000086600000, 0x0000000086600000| Untracked 
| 103|0x0000000086700000, 0x0000000086700000, 0x0000000086800000|  0%| F|  |TAMS 0x0000000086700000, 0x0000000086700000| Untracked 
| 104|0x0000000086800000, 0x0000000086800000, 0x0000000086900000|  0%| F|  |TAMS 0x0000000086800000, 0x0000000086800000| Untracked 
| 105|0x0000000086900000, 0x0000000086900000, 0x0000000086a00000|  0%| F|  |TAMS 0x0000000086900000, 0x0000000086900000| Untracked 
| 106|0x0000000086a00000, 0x0000000086a00000, 0x0000000086b00000|  0%| F|  |TAMS 0x0000000086a00000, 0x0000000086a00000| Untracked 
| 107|0x0000000086b00000, 0x0000000086b00000, 0x0000000086c00000|  0%| F|  |TAMS 0x0000000086b00000, 0x0000000086b00000| Untracked 
| 108|0x0000000086c00000, 0x0000000086c00000, 0x0000000086d00000|  0%| F|  |TAMS 0x0000000086c00000, 0x0000000086c00000| Untracked 
| 109|0x0000000086d00000, 0x0000000086d00000, 0x0000000086e00000|  0%| F|  |TAMS 0x0000000086d00000, 0x0000000086d00000| Untracked 
| 110|0x0000000086e00000, 0x0000000086e00000, 0x0000000086f00000|  0%| F|  |TAMS 0x0000000086e00000, 0x0000000086e00000| Untracked 
| 111|0x0000000086f00000, 0x0000000086f00000, 0x0000000087000000|  0%| F|  |TAMS 0x0000000086f00000, 0x0000000086f00000| Untracked 
| 112|0x0000000087000000, 0x0000000087000000, 0x0000000087100000|  0%| F|  |TAMS 0x0000000087000000, 0x0000000087000000| Untracked 
| 113|0x0000000087100000, 0x0000000087100000, 0x0000000087200000|  0%| F|  |TAMS 0x0000000087100000, 0x0000000087100000| Untracked 
| 114|0x0000000087200000, 0x0000000087200000, 0x0000000087300000|  0%| F|  |TAMS 0x0000000087200000, 0x0000000087200000| Untracked 
| 115|0x0000000087300000, 0x0000000087300000, 0x0000000087400000|  0%| F|  |TAMS 0x0000000087300000, 0x0000000087300000| Untracked 
| 116|0x0000000087400000, 0x0000000087400000, 0x0000000087500000|  0%| F|  |TAMS 0x0000000087400000, 0x0000000087400000| Untracked 
| 117|0x0000000087500000, 0x0000000087500000, 0x0000000087600000|  0%| F|  |TAMS 0x0000000087500000, 0x0000000087500000| Untracked 
| 118|0x0000000087600000, 0x0000000087600000, 0x0000000087700000|  0%| F|  |TAMS 0x0000000087600000, 0x0000000087600000| Untracked 
| 119|0x0000000087700000, 0x0000000087700000, 0x0000000087800000|  0%| F|  |TAMS 0x0000000087700000, 0x0000000087700000| Untracked 
| 120|0x0000000087800000, 0x0000000087800000, 0x0000000087900000|  0%| F|  |TAMS 0x0000000087800000, 0x0000000087800000| Untracked 
| 121|0x0000000087900000, 0x0000000087900000, 0x0000000087a00000|  0%| F|  |TAMS 0x0000000087900000, 0x0000000087900000| Untracked 
| 122|0x0000000087a00000, 0x0000000087a00000, 0x0000000087b00000|  0%| F|  |TAMS 0x0000000087a00000, 0x0000000087a00000| Untracked 
| 123|0x0000000087b00000, 0x0000000087b00000, 0x0000000087c00000|  0%| F|  |TAMS 0x0000000087b00000, 0x0000000087b00000| Untracked 
| 124|0x0000000087c00000, 0x0000000087c00000, 0x0000000087d00000|  0%| F|  |TAMS 0x0000000087c00000, 0x0000000087c00000| Untracked 
| 125|0x0000000087d00000, 0x0000000087d00000, 0x0000000087e00000|  0%| F|  |TAMS 0x0000000087d00000, 0x0000000087d00000| Untracked 
| 126|0x0000000087e00000, 0x0000000087e00000, 0x0000000087f00000|  0%| F|  |TAMS 0x0000000087e00000, 0x0000000087e00000| Untracked 
| 127|0x0000000087f00000, 0x0000000087f00000, 0x0000000088000000|  0%| F|  |TAMS 0x0000000087f00000, 0x0000000087f00000| Untracked 
| 128|0x0000000088000000, 0x0000000088000000, 0x0000000088100000|  0%| F|  |TAMS 0x0000000088000000, 0x0000000088000000| Untracked 
| 129|0x0000000088100000, 0x0000000088100000, 0x0000000088200000|  0%| F|  |TAMS 0x0000000088100000, 0x0000000088100000| Untracked 
| 130|0x0000000088200000, 0x0000000088200000, 0x0000000088300000|  0%| F|  |TAMS 0x0000000088200000, 0x0000000088200000| Untracked 
| 131|0x0000000088300000, 0x0000000088300000, 0x0000000088400000|  0%| F|  |TAMS 0x0000000088300000, 0x0000000088300000| Untracked 
| 132|0x0000000088400000, 0x0000000088400000, 0x0000000088500000|  0%| F|  |TAMS 0x0000000088400000, 0x0000000088400000| Untracked 
| 133|0x0000000088500000, 0x0000000088500000, 0x0000000088600000|  0%| F|  |TAMS 0x0000000088500000, 0x0000000088500000| Untracked 
| 134|0x0000000088600000, 0x0000000088600000, 0x0000000088700000|  0%| F|  |TAMS 0x0000000088600000, 0x0000000088600000| Untracked 
| 135|0x0000000088700000, 0x0000000088700000, 0x0000000088800000|  0%| F|  |TAMS 0x0000000088700000, 0x0000000088700000| Untracked 
| 136|0x0000000088800000, 0x0000000088800000, 0x0000000088900000|  0%| F|  |TAMS 0x0000000088800000, 0x0000000088800000| Untracked 
| 137|0x0000000088900000, 0x0000000088900000, 0x0000000088a00000|  0%| F|  |TAMS 0x0000000088900000, 0x0000000088900000| Untracked 
| 138|0x0000000088a00000, 0x0000000088a00000, 0x0000000088b00000|  0%| F|  |TAMS 0x0000000088a00000, 0x0000000088a00000| Untracked 
| 139|0x0000000088b00000, 0x0000000088b00000, 0x0000000088c00000|  0%| F|  |TAMS 0x0000000088b00000, 0x0000000088b00000| Untracked 
| 140|0x0000000088c00000, 0x0000000088c00000, 0x0000000088d00000|  0%| F|  |TAMS 0x0000000088c00000, 0x0000000088c00000| Untracked 
| 141|0x0000000088d00000, 0x0000000088d00000, 0x0000000088e00000|  0%| F|  |TAMS 0x0000000088d00000, 0x0000000088d00000| Untracked 
| 142|0x0000000088e00000, 0x0000000088e00000, 0x0000000088f00000|  0%| F|  |TAMS 0x0000000088e00000, 0x0000000088e00000| Untracked 
| 143|0x0000000088f00000, 0x0000000088f00000, 0x0000000089000000|  0%| F|  |TAMS 0x0000000088f00000, 0x0000000088f00000| Untracked 
| 144|0x0000000089000000, 0x0000000089000000, 0x0000000089100000|  0%| F|  |TAMS 0x0000000089000000, 0x0000000089000000| Untracked 
| 145|0x0000000089100000, 0x0000000089100000, 0x0000000089200000|  0%| F|  |TAMS 0x0000000089100000, 0x0000000089100000| Untracked 
| 146|0x0000000089200000, 0x0000000089200000, 0x0000000089300000|  0%| F|  |TAMS 0x0000000089200000, 0x0000000089200000| Untracked 
| 147|0x0000000089300000, 0x0000000089300000, 0x0000000089400000|  0%| F|  |TAMS 0x0000000089300000, 0x0000000089300000| Untracked 
| 148|0x0000000089400000, 0x0000000089400000, 0x0000000089500000|  0%| F|  |TAMS 0x0000000089400000, 0x0000000089400000| Untracked 
| 149|0x0000000089500000, 0x0000000089500000, 0x0000000089600000|  0%| F|  |TAMS 0x0000000089500000, 0x0000000089500000| Untracked 
| 150|0x0000000089600000, 0x0000000089600000, 0x0000000089700000|  0%| F|  |TAMS 0x0000000089600000, 0x0000000089600000| Untracked 
| 151|0x0000000089700000, 0x0000000089700000, 0x0000000089800000|  0%| F|  |TAMS 0x0000000089700000, 0x0000000089700000| Untracked 
| 152|0x0000000089800000, 0x0000000089800000, 0x0000000089900000|  0%| F|  |TAMS 0x0000000089800000, 0x0000000089800000| Untracked 
| 153|0x0000000089900000, 0x0000000089900000, 0x0000000089a00000|  0%| F|  |TAMS 0x0000000089900000, 0x0000000089900000| Untracked 
| 154|0x0000000089a00000, 0x0000000089a00000, 0x0000000089b00000|  0%| F|  |TAMS 0x0000000089a00000, 0x0000000089a00000| Untracked 
| 155|0x0000000089b00000, 0x0000000089b00000, 0x0000000089c00000|  0%| F|  |TAMS 0x0000000089b00000, 0x0000000089b00000| Untracked 
| 156|0x0000000089c00000, 0x0000000089c80800, 0x0000000089d00000| 50%| E|  |TAMS 0x0000000089c00000, 0x0000000089c00000| Complete 
| 157|0x0000000089d00000, 0x0000000089e00000, 0x0000000089e00000|100%| E|CS|TAMS 0x0000000089d00000, 0x0000000089d00000| Complete 
| 158|0x0000000089e00000, 0x0000000089f00000, 0x0000000089f00000|100%| E|CS|TAMS 0x0000000089e00000, 0x0000000089e00000| Complete 
| 159|0x0000000089f00000, 0x000000008a000000, 0x000000008a000000|100%| E|CS|TAMS 0x0000000089f00000, 0x0000000089f00000| Complete 
| 160|0x000000008a000000, 0x000000008a100000, 0x000000008a100000|100%| E|CS|TAMS 0x000000008a000000, 0x000000008a000000| Complete 
| 161|0x000000008a100000, 0x000000008a200000, 0x000000008a200000|100%| E|CS|TAMS 0x000000008a100000, 0x000000008a100000| Complete 
| 162|0x000000008a200000, 0x000000008a300000, 0x000000008a300000|100%| E|CS|TAMS 0x000000008a200000, 0x000000008a200000| Complete 
| 163|0x000000008a300000, 0x000000008a400000, 0x000000008a400000|100%| E|CS|TAMS 0x000000008a300000, 0x000000008a300000| Complete 
| 164|0x000000008a400000, 0x000000008a500000, 0x000000008a500000|100%| E|CS|TAMS 0x000000008a400000, 0x000000008a400000| Complete 
| 165|0x000000008a500000, 0x000000008a600000, 0x000000008a600000|100%| E|CS|TAMS 0x000000008a500000, 0x000000008a500000| Complete 
| 166|0x000000008a600000, 0x000000008a700000, 0x000000008a700000|100%| E|CS|TAMS 0x000000008a600000, 0x000000008a600000| Complete 
| 167|0x000000008a700000, 0x000000008a800000, 0x000000008a800000|100%| E|CS|TAMS 0x000000008a700000, 0x000000008a700000| Complete 
| 168|0x000000008a800000, 0x000000008a900000, 0x000000008a900000|100%| E|CS|TAMS 0x000000008a800000, 0x000000008a800000| Complete 
| 169|0x000000008a900000, 0x000000008aa00000, 0x000000008aa00000|100%| E|CS|TAMS 0x000000008a900000, 0x000000008a900000| Complete 
| 170|0x000000008aa00000, 0x000000008ab00000, 0x000000008ab00000|100%| E|CS|TAMS 0x000000008aa00000, 0x000000008aa00000| Complete 
| 171|0x000000008ab00000, 0x000000008ac00000, 0x000000008ac00000|100%| E|CS|TAMS 0x000000008ab00000, 0x000000008ab00000| Complete 
| 172|0x000000008ac00000, 0x000000008ad00000, 0x000000008ad00000|100%| E|CS|TAMS 0x000000008ac00000, 0x000000008ac00000| Complete 
| 173|0x000000008ad00000, 0x000000008ae00000, 0x000000008ae00000|100%| E|CS|TAMS 0x000000008ad00000, 0x000000008ad00000| Complete 
| 174|0x000000008ae00000, 0x000000008af00000, 0x000000008af00000|100%| E|CS|TAMS 0x000000008ae00000, 0x000000008ae00000| Complete 
| 175|0x000000008af00000, 0x000000008b000000, 0x000000008b000000|100%| E|CS|TAMS 0x000000008af00000, 0x000000008af00000| Complete 
| 176|0x000000008b000000, 0x000000008b100000, 0x000000008b100000|100%| E|CS|TAMS 0x000000008b000000, 0x000000008b000000| Complete 
| 177|0x000000008b100000, 0x000000008b200000, 0x000000008b200000|100%| E|CS|TAMS 0x000000008b100000, 0x000000008b100000| Complete 
| 178|0x000000008b200000, 0x000000008b300000, 0x000000008b300000|100%| E|CS|TAMS 0x000000008b200000, 0x000000008b200000| Complete 
| 179|0x000000008b300000, 0x000000008b400000, 0x000000008b400000|100%| E|CS|TAMS 0x000000008b300000, 0x000000008b300000| Complete 
| 180|0x000000008b400000, 0x000000008b500000, 0x000000008b500000|100%| E|CS|TAMS 0x000000008b400000, 0x000000008b400000| Complete 
| 181|0x000000008b500000, 0x000000008b600000, 0x000000008b600000|100%| E|CS|TAMS 0x000000008b500000, 0x000000008b500000| Complete 
| 182|0x000000008b600000, 0x000000008b700000, 0x000000008b700000|100%| E|CS|TAMS 0x000000008b600000, 0x000000008b600000| Complete 
| 183|0x000000008b700000, 0x000000008b800000, 0x000000008b800000|100%| E|CS|TAMS 0x000000008b700000, 0x000000008b700000| Complete 
| 184|0x000000008b800000, 0x000000008b900000, 0x000000008b900000|100%| E|CS|TAMS 0x000000008b800000, 0x000000008b800000| Complete 

Card table byte_map: [0x0000013f62d00000,0x0000013f63100000] _byte_map_base: 0x0000013f62900000

Marking Bits (Prev, Next): (CMBitMap*) 0x0000013f4b076630, (CMBitMap*) 0x0000013f4b0765f8
 Prev Bits: [0x0000013f65500000, 0x0000013f67500000)
 Next Bits: [0x0000013f63500000, 0x0000013f65500000)

Polling page: 0x0000013f48f90000

Metaspace:

Usage:
  Non-class:     62.71 MB capacity,    61.42 MB ( 98%) used,     1.02 MB (  2%) free+waste,   272.50 KB ( <1%) overhead. 
      Class:     10.06 MB capacity,     9.23 MB ( 92%) used,   724.23 KB (  7%) free+waste,   126.81 KB (  1%) overhead. 
       Both:     72.76 MB capacity,    70.65 MB ( 97%) used,     1.72 MB (  2%) free+waste,   399.31 KB ( <1%) overhead. 

Virtual space:
  Non-class space:       64.00 MB reserved,      62.87 MB ( 98%) committed 
      Class space:        1.00 GB reserved,      10.13 MB ( <1%) committed 
             Both:        1.06 GB reserved,      73.00 MB (  7%) committed 

Chunk freelists:
   Non-Class:  42.00 KB
       Class:  0 bytes
        Both:  42.00 KB

MaxMetaspaceSize: 17179869184.00 GB
CompressedClassSpaceSize: 1.00 GB

CodeHeap 'non-profiled nmethods': size=120064Kb used=9042Kb max_used=9042Kb free=111021Kb
 bounds [0x0000013f5b3c0000, 0x0000013f5bca0000, 0x0000013f62900000]
CodeHeap 'profiled nmethods': size=120000Kb used=22001Kb max_used=22001Kb free=97998Kb
 bounds [0x0000013f53e90000, 0x0000013f55420000, 0x0000013f5b3c0000]
CodeHeap 'non-nmethods': size=5696Kb used=1218Kb max_used=1303Kb free=4477Kb
 bounds [0x0000013f53900000, 0x0000013f53b70000, 0x0000013f53e90000]
 total_blobs=9473 nmethods=8888 adapters=495
 compilation: enabled
              stopped_count=0, restarted_count=0
 full_count=0

Compilation events (20 events):
Event: 25.369 Thread 0x0000013f6a292000 9316   !   2       sun.management.MappedMXBeanType$CompositeDataMXBeanType::toJavaTypeData (80 bytes)
Event: 25.369 Thread 0x0000013f6a292000 nmethod 9316 0x0000013f5540dc10 code [0x0000013f5540de80, 0x0000013f5540e598]
Event: 25.369 Thread 0x0000013f6a292000 9317       2       sun.management.MemoryUsageCompositeData::validateCompositeData (40 bytes)
Event: 25.370 Thread 0x0000013f6a292000 nmethod 9317 0x0000013f5540ea90 code [0x0000013f5540ec80, 0x0000013f5540ef18]
Event: 25.370 Thread 0x0000013f6a292000 9318       2       sun.management.MemoryUsageCompositeData::getInit (7 bytes)
Event: 25.370 Thread 0x0000013f6a292000 nmethod 9318 0x0000013f5540f090 code [0x0000013f5540f260, 0x0000013f5540f458]
Event: 25.370 Thread 0x0000013f6a292000 9319       2       sun.management.MemoryUsageCompositeData::getUsed (7 bytes)
Event: 25.370 Thread 0x0000013f6a292000 nmethod 9319 0x0000013f5540f590 code [0x0000013f5540f760, 0x0000013f5540f958]
Event: 25.412 Thread 0x0000013f6a292000 9321       2       org.springframework.expression.spel.standard.Token::stringValue (17 bytes)
Event: 25.412 Thread 0x0000013f6a292000 nmethod 9321 0x0000013f5540fa90 code [0x0000013f5540fc40, 0x0000013f5540fd58]
Event: 25.412 Thread 0x0000013f6a292000 9322       2       org.springframework.expression.spel.standard.InternalSpelExpressionParser::peekIdentifierToken (38 bytes)
Event: 25.413 Thread 0x0000013f6a292000 nmethod 9322 0x0000013f5540fe10 code [0x0000013f5540ffe0, 0x0000013f554101f8]
Event: 25.472 Thread 0x0000013f6a292000 9325       1       org.springframework.boot.context.properties.source.ConfigurationProperty::getName (5 bytes)
Event: 25.472 Thread 0x0000013f6a292000 nmethod 9325 0x0000013f5bc8bc10 code [0x0000013f5bc8bdc0, 0x0000013f5bc8be78]
Event: 25.473 Thread 0x0000013f6a292000 9327       1       org.springframework.boot.context.properties.bind.Binder$Context::setConfigurationProperty (6 bytes)
Event: 25.473 Thread 0x0000013f6a292000 nmethod 9327 0x0000013f5bc8bf10 code [0x0000013f5bc8c0c0, 0x0000013f5bc8c1b8]
Event: 25.490 Thread 0x0000013f6a292000 9328   !   2       org.springframework.boot.context.properties.PropertyMapper$NullPointerExceptionSafeSupplier::get (13 bytes)
Event: 25.490 Thread 0x0000013f6a292000 nmethod 9328 0x0000013f55410390 code [0x0000013f55410540, 0x0000013f55410688]
Event: 25.508 Thread 0x0000013f6a292000 9331       2       org.springframework.beans.factory.support.RootBeanDefinition::<init> (52 bytes)
Event: 25.509 Thread 0x0000013f6a292000 nmethod 9331 0x0000013f55410790 code [0x0000013f55410960, 0x0000013f55410c88]

GC Heap History (20 events):
Event: 15.315 GC heap before
{Heap before GC invocations=19 (full 0):
 garbage-first heap   total 189440K, used 136830K [0x0000000080000000, 0x0000000100000000)
  region size 1024K, 101 young (103424K), 8 survivors (8192K)
 Metaspace       used 67380K, capacity 69301K, committed 69372K, reserved 1110016K
  class space    used 8786K, capacity 9569K, committed 9600K, reserved 1048576K
}
Event: 15.327 GC heap after
{Heap after GC invocations=20 (full 0):
 garbage-first heap   total 189440K, used 41634K [0x0000000080000000, 0x0000000100000000)
  region size 1024K, 6 young (6144K), 6 survivors (6144K)
 Metaspace       used 67380K, capacity 69301K, committed 69372K, reserved 1110016K
  class space    used 8786K, capacity 9569K, committed 9600K, reserved 1048576K
}
Event: 17.117 GC heap before
{Heap before GC invocations=20 (full 0):
 garbage-first heap   total 189440K, used 146082K [0x0000000080000000, 0x0000000100000000)
  region size 1024K, 108 young (110592K), 6 survivors (6144K)
 Metaspace       used 70126K, capacity 72190K, committed 72316K, reserved 1112064K
  class space    used 9164K, capacity 9983K, committed 9984K, reserved 1048576K
}
Event: 17.125 GC heap after
{Heap after GC invocations=21 (full 0):
 garbage-first heap   total 189440K, used 42953K [0x0000000080000000, 0x0000000100000000)
  region size 1024K, 7 young (7168K), 7 survivors (7168K)
 Metaspace       used 70126K, capacity 72190K, committed 72316K, reserved 1112064K
  class space    used 9164K, capacity 9983K, committed 9984K, reserved 1048576K
}
Event: 17.799 GC heap before
{Heap before GC invocations=21 (full 0):
 garbage-first heap   total 189440K, used 147401K [0x0000000080000000, 0x0000000100000000)
  region size 1024K, 109 young (111616K), 7 survivors (7168K)
 Metaspace       used 70242K, capacity 72330K, committed 72700K, reserved 1112064K
  class space    used 9166K, capacity 9986K, committed 10112K, reserved 1048576K
}
Event: 17.811 GC heap after
{Heap after GC invocations=22 (full 0):
 garbage-first heap   total 189440K, used 45001K [0x0000000080000000, 0x0000000100000000)
  region size 1024K, 9 young (9216K), 9 survivors (9216K)
 Metaspace       used 70242K, capacity 72330K, committed 72700K, reserved 1112064K
  class space    used 9166K, capacity 9986K, committed 10112K, reserved 1048576K
}
Event: 18.446 GC heap before
{Heap before GC invocations=22 (full 0):
 garbage-first heap   total 189440K, used 149449K [0x0000000080000000, 0x0000000100000000)
  region size 1024K, 111 young (113664K), 9 survivors (9216K)
 Metaspace       used 71423K, capacity 73537K, committed 73596K, reserved 1112064K
  class space    used 9388K, capacity 10227K, committed 10240K, reserved 1048576K
}
Event: 18.456 GC heap after
{Heap after GC invocations=23 (full 0):
 garbage-first heap   total 189440K, used 46262K [0x0000000080000000, 0x0000000100000000)
  region size 1024K, 8 young (8192K), 8 survivors (8192K)
 Metaspace       used 71423K, capacity 73537K, committed 73596K, reserved 1112064K
  class space    used 9388K, capacity 10227K, committed 10240K, reserved 1048576K
}
Event: 19.531 GC heap before
{Heap before GC invocations=23 (full 0):
 garbage-first heap   total 189440K, used 151734K [0x0000000080000000, 0x0000000100000000)
  region size 1024K, 111 young (113664K), 8 survivors (8192K)
 Metaspace       used 71573K, capacity 73690K, committed 73852K, reserved 1114112K
  class space    used 9393K, capacity 10233K, committed 10240K, reserved 1048576K
}
Event: 19.539 GC heap after
{Heap after GC invocations=24 (full 0):
 garbage-first heap   total 189440K, used 48379K [0x0000000080000000, 0x0000000100000000)
  region size 1024K, 7 young (7168K), 7 survivors (7168K)
 Metaspace       used 71573K, capacity 73690K, committed 73852K, reserved 1114112K
  class space    used 9393K, capacity 10233K, committed 10240K, reserved 1048576K
}
Event: 20.228 GC heap before
{Heap before GC invocations=24 (full 0):
 garbage-first heap   total 189440K, used 153851K [0x0000000080000000, 0x0000000100000000)
  region size 1024K, 110 young (112640K), 7 survivors (7168K)
 Metaspace       used 71647K, capacity 73754K, committed 73852K, reserved 1114112K
  class space    used 9394K, capacity 10233K, committed 10240K, reserved 1048576K
}
Event: 20.236 GC heap after
{Heap after GC invocations=25 (full 0):
 garbage-first heap   total 189440K, used 51410K [0x0000000080000000, 0x0000000100000000)
  region size 1024K, 10 young (10240K), 10 survivors (10240K)
 Metaspace       used 71647K, capacity 73754K, committed 73852K, reserved 1114112K
  class space    used 9394K, capacity 10233K, committed 10240K, reserved 1048576K
}
Event: 23.573 GC heap before
{Heap before GC invocations=25 (full 0):
 garbage-first heap   total 189440K, used 154834K [0x0000000080000000, 0x0000000100000000)
  region size 1024K, 111 young (113664K), 10 survivors (10240K)
 Metaspace       used 72070K, capacity 74156K, committed 74492K, reserved 1114112K
  class space    used 9432K, capacity 10280K, committed 10368K, reserved 1048576K
}
Event: 23.582 GC heap after
{Heap after GC invocations=26 (full 0):
 garbage-first heap   total 189440K, used 50276K [0x0000000080000000, 0x0000000100000000)
  region size 1024K, 6 young (6144K), 6 survivors (6144K)
 Metaspace       used 72070K, capacity 74156K, committed 74492K, reserved 1114112K
  class space    used 9432K, capacity 10280K, committed 10368K, reserved 1048576K
}
Event: 23.960 GC heap before
{Heap before GC invocations=26 (full 0):
 garbage-first heap   total 189440K, used 155748K [0x0000000080000000, 0x0000000100000000)
  region size 1024K, 109 young (111616K), 6 survivors (6144K)
 Metaspace       used 72083K, capacity 74222K, committed 74492K, reserved 1114112K
  class space    used 9432K, capacity 10280K, committed 10368K, reserved 1048576K
}
Event: 23.968 GC heap after
{Heap after GC invocations=27 (full 0):
 garbage-first heap   total 189440K, used 51190K [0x0000000080000000, 0x0000000100000000)
  region size 1024K, 7 young (7168K), 7 survivors (7168K)
 Metaspace       used 72083K, capacity 74222K, committed 74492K, reserved 1114112K
  class space    used 9432K, capacity 10280K, committed 10368K, reserved 1048576K
}
Event: 24.648 GC heap before
{Heap before GC invocations=27 (full 0):
 garbage-first heap   total 189440K, used 157686K [0x0000000080000000, 0x0000000100000000)
  region size 1024K, 111 young (113664K), 7 survivors (7168K)
 Metaspace       used 72265K, capacity 74421K, committed 74748K, reserved 1114112K
  class space    used 9443K, capacity 10293K, committed 10368K, reserved 1048576K
}
Event: 24.658 GC heap after
{Heap after GC invocations=28 (full 0):
 garbage-first heap   total 189440K, used 53675K [0x0000000080000000, 0x0000000100000000)
  region size 1024K, 10 young (10240K), 10 survivors (10240K)
 Metaspace       used 72265K, capacity 74421K, committed 74748K, reserved 1114112K
  class space    used 9443K, capacity 10293K, committed 10368K, reserved 1048576K
}
Event: 25.338 GC heap before
{Heap before GC invocations=28 (full 0):
 garbage-first heap   total 189440K, used 157099K [0x0000000080000000, 0x0000000100000000)
  region size 1024K, 111 young (113664K), 10 survivors (10240K)
 Metaspace       used 72315K, capacity 74508K, committed 74748K, reserved 1114112K
  class space    used 9446K, capacity 10298K, committed 10368K, reserved 1048576K
}
Event: 25.361 GC heap after
{Heap after GC invocations=29 (full 0):
 garbage-first heap   total 189440K, used 55513K [0x0000000080000000, 0x0000000100000000)
  region size 1024K, 9 young (9216K), 9 survivors (9216K)
 Metaspace       used 72315K, capacity 74508K, committed 74748K, reserved 1114112K
  class space    used 9446K, capacity 10298K, committed 10368K, reserved 1048576K
}

Deoptimization events (20 events):
Event: 24.328 Thread 0x0000013f4b03d800 Uncommon trap: trap_request=0xffffffde fr.pc=0x0000013f5b99e1cc relative=0x00000000000008ac
Event: 24.328 Thread 0x0000013f4b03d800 Uncommon trap: reason=class_check action=maybe_recompile pc=0x0000013f5b99e1cc method=java.util.AbstractSet.hashCode()I @ 3 c2
Event: 24.328 Thread 0x0000013f4b03d800 DEOPT PACKING pc=0x0000013f5b99e1cc sp=0x00000002bbdfba50
Event: 24.328 Thread 0x0000013f4b03d800 DEOPT UNPACKING pc=0x0000013f539274af sp=0x00000002bbdfba08 mode 2
Event: 24.362 Thread 0x0000013f4b03d800 Uncommon trap: trap_request=0xffffffde fr.pc=0x0000013f5b99e1cc relative=0x00000000000008ac
Event: 24.362 Thread 0x0000013f4b03d800 Uncommon trap: reason=class_check action=maybe_recompile pc=0x0000013f5b99e1cc method=java.util.AbstractSet.hashCode()I @ 3 c2
Event: 24.362 Thread 0x0000013f4b03d800 DEOPT PACKING pc=0x0000013f5b99e1cc sp=0x00000002bbdfb990
Event: 24.362 Thread 0x0000013f4b03d800 DEOPT UNPACKING pc=0x0000013f539274af sp=0x00000002bbdfb948 mode 2
Event: 24.483 Thread 0x0000013f4b03d800 Uncommon trap: trap_request=0xffffffde fr.pc=0x0000013f5b72cab0 relative=0x0000000000001670
Event: 24.483 Thread 0x0000013f4b03d800 Uncommon trap: reason=class_check action=maybe_recompile pc=0x0000013f5b72cab0 method=java.util.concurrent.ConcurrentHashMap.putVal(Ljava/lang/Object;Ljava/lang/Object;Z)Ljava/lang/Object; @ 159 c2
Event: 24.483 Thread 0x0000013f4b03d800 DEOPT PACKING pc=0x0000013f5b72cab0 sp=0x00000002bbdfb820
Event: 24.483 Thread 0x0000013f4b03d800 DEOPT UNPACKING pc=0x0000013f539274af sp=0x00000002bbdfb7b0 mode 2
Event: 24.557 Thread 0x0000013f4b03d800 Uncommon trap: trap_request=0xffffffde fr.pc=0x0000013f5b998fa4 relative=0x0000000000000264
Event: 24.557 Thread 0x0000013f4b03d800 Uncommon trap: reason=class_check action=maybe_recompile pc=0x0000013f5b998fa4 method=java.util.stream.StreamSpliterators$AbstractWrappingSpliterator.estimateSize()J @ 8 c2
Event: 24.557 Thread 0x0000013f4b03d800 DEOPT PACKING pc=0x0000013f5b998fa4 sp=0x00000002bbdf7570
Event: 24.557 Thread 0x0000013f4b03d800 DEOPT UNPACKING pc=0x0000013f539274af sp=0x00000002bbdf7538 mode 2
Event: 24.557 Thread 0x0000013f4b03d800 Uncommon trap: trap_request=0xffffffde fr.pc=0x0000013f5b998fa4 relative=0x0000000000000264
Event: 24.557 Thread 0x0000013f4b03d800 Uncommon trap: reason=class_check action=maybe_recompile pc=0x0000013f5b998fa4 method=java.util.stream.StreamSpliterators$AbstractWrappingSpliterator.estimateSize()J @ 8 c2
Event: 24.557 Thread 0x0000013f4b03d800 DEOPT PACKING pc=0x0000013f5b998fa4 sp=0x00000002bbdf7570
Event: 24.557 Thread 0x0000013f4b03d800 DEOPT UNPACKING pc=0x0000013f539274af sp=0x00000002bbdf7538 mode 2

Classes redefined (0 events):
No events

Internal exceptions (20 events):
Event: 25.501 Thread 0x0000013f4b03d800 Exception <a 'java/lang/ClassNotFoundException'{0x0000000089fd2ce0}: org/springframework/cloud/client/serviceregistry/AutoServiceRegistrationPropertiesCustomizer> (0x0000000089fd2ce0) thrown at [./src/hotspot/share/classfile/systemDictionary.cpp, line 234]
Event: 25.502 Thread 0x0000013f4b03d800 Exception <a 'java/lang/ClassNotFoundException'{0x0000000089e3a578}: java/lang/ObjectCustomizer> (0x0000000089e3a578) thrown at [./src/hotspot/share/classfile/systemDictionary.cpp, line 234]
Event: 25.503 Thread 0x0000013f4b03d800 Exception <a 'java/lang/ClassNotFoundException'{0x0000000089e60890}: org/springframework/boot/autoconfigure/context/PropertyPlaceholderAutoConfigurationCustomizer> (0x0000000089e60890) thrown at [./src/hotspot/share/classfile/systemDictionary.cpp, line 234]
Event: 25.503 Thread 0x0000013f4b03d800 Exception <a 'java/lang/ClassNotFoundException'{0x0000000089e67d70}: java/lang/ObjectCustomizer> (0x0000000089e67d70) thrown at [./src/hotspot/share/classfile/systemDictionary.cpp, line 234]
Event: 25.504 Thread 0x0000013f4b03d800 Exception <a 'java/lang/ClassNotFoundException'{0x0000000089e902f0}: org/springframework/boot/autoconfigure/websocket/servlet/WebSocketServletAutoConfigurationCustomizer> (0x0000000089e902f0) thrown at [./src/hotspot/share/classfile/systemDictionary.cpp, line 234]
Event: 25.504 Thread 0x0000013f4b03d800 Exception <a 'java/lang/ClassNotFoundException'{0x0000000089e96890}: java/lang/ObjectCustomizer> (0x0000000089e96890) thrown at [./src/hotspot/share/classfile/systemDictionary.cpp, line 234]
Event: 25.505 Thread 0x0000013f4b03d800 Exception <a 'java/lang/ClassNotFoundException'{0x0000000089ebcf38}: org/springframework/boot/autoconfigure/web/servlet/DispatcherServletAutoConfigurationCustomizer> (0x0000000089ebcf38) thrown at [./src/hotspot/share/classfile/systemDictionary.cpp, line 234]
Event: 25.505 Thread 0x0000013f4b03d800 Exception <a 'java/lang/ClassNotFoundException'{0x0000000089ec44c0}: java/lang/ObjectCustomizer> (0x0000000089ec44c0) thrown at [./src/hotspot/share/classfile/systemDictionary.cpp, line 234]
Event: 25.505 Thread 0x0000013f4b03d800 Exception <a 'java/lang/ClassNotFoundException'{0x0000000089eee7a8}: org/springframework/cloud/netflix/archaius/ArchaiusAutoConfiguration$PropagateEventsConfigurationCustomizer> (0x0000000089eee7a8) thrown at [./src/hotspot/share/classfile/systemDictionary.cpp, line 234]
Event: 25.506 Thread 0x0000013f4b03d800 Exception <a 'java/lang/ClassNotFoundException'{0x0000000089d0a868}: org/springframework/context/ApplicationListenerCustomizer> (0x0000000089d0a868) thrown at [./src/hotspot/share/classfile/systemDictionary.cpp, line 234]
Event: 25.506 Thread 0x0000013f4b03d800 Exception <a 'java/lang/ClassNotFoundException'{0x0000000089d0cae0}: java/util/EventListenerCustomizer> (0x0000000089d0cae0) thrown at [./src/hotspot/share/classfile/systemDictionary.cpp, line 234]
Event: 25.506 Thread 0x0000013f4b03d800 Exception <a 'java/lang/ClassNotFoundException'{0x0000000089d14ff0}: java/lang/ObjectCustomizer> (0x0000000089d14ff0) thrown at [./src/hotspot/share/classfile/systemDictionary.cpp, line 234]
Event: 25.507 Thread 0x0000013f4b03d800 Exception <a 'java/lang/ClassNotFoundException'{0x0000000089d3f2e8}: org/springframework/cloud/netflix/archaius/ArchaiusAutoConfiguration$ArchaiusEndpointConfigurationCustomizer> (0x0000000089d3f2e8) thrown at [./src/hotspot/share/classfile/systemDictionary.cpp, line 234]
Event: 25.508 Thread 0x0000013f4b03d800 Exception <a 'java/lang/ClassNotFoundException'{0x0000000089d47a30}: java/lang/ObjectCustomizer> (0x0000000089d47a30) thrown at [./src/hotspot/share/classfile/systemDictionary.cpp, line 234]
Event: 25.508 Thread 0x0000013f4b03d800 Exception <a 'java/lang/ClassNotFoundException'{0x0000000089d69eb8}: org/springframework/cloud/netflix/archaius/ArchaiusAutoConfigurationCustomizer> (0x0000000089d69eb8) thrown at [./src/hotspot/share/classfile/systemDictionary.cpp, line 234]
Event: 25.510 Thread 0x0000013f4b03d800 Exception <a 'java/io/IOException'{0x0000000089d75b50}> (0x0000000089d75b50) thrown at [./src/hotspot/share/prims/jni.cpp, line 615]
Event: 25.510 Thread 0x0000013f4b03d800 Exception <a 'java/io/IOException'{0x0000000089d76660}> (0x0000000089d76660) thrown at [./src/hotspot/share/prims/jni.cpp, line 615]
Event: 25.510 Thread 0x0000013f4b03d800 Exception <a 'java/io/IOException'{0x0000000089d77170}> (0x0000000089d77170) thrown at [./src/hotspot/share/prims/jni.cpp, line 615]
Event: 25.512 Thread 0x0000013f4b03d800 Exception <a 'java/lang/ClassNotFoundException'{0x0000000089db5218}: org/apache/commons/configuration/ConfigurationCustomizer> (0x0000000089db5218) thrown at [./src/hotspot/share/classfile/systemDictionary.cpp, line 234]
Event: 25.513 Thread 0x0000013f4b03d800 Implicit null exception at 0x0000013f544cc1d8 to 0x0000000000000000

Events (20 events):
Event: 25.507 loading class org/springframework/cloud/netflix/archaius/ArchaiusAutoConfiguration$ArchaiusEndpointConfigurationCustomizer
Event: 25.507 loading class org/springframework/cloud/netflix/archaius/ArchaiusAutoConfiguration$ArchaiusEndpointConfigurationCustomizer done
Event: 25.507 loading class org/springframework/cloud/netflix/archaius/ArchaiusAutoConfiguration$ArchaiusEndpointConfigurationCustomizer
Event: 25.507 loading class org/springframework/cloud/netflix/archaius/ArchaiusAutoConfiguration$ArchaiusEndpointConfigurationCustomizer done
Event: 25.508 loading class java/lang/ObjectCustomizer
Event: 25.508 loading class java/lang/ObjectCustomizer done
Event: 25.508 loading class java/lang/ObjectCustomizer
Event: 25.508 loading class java/lang/ObjectCustomizer done
Event: 25.508 loading class org/springframework/cloud/netflix/archaius/ArchaiusAutoConfigurationCustomizer
Event: 25.508 loading class org/springframework/cloud/netflix/archaius/ArchaiusAutoConfigurationCustomizer done
Event: 25.508 loading class org/springframework/cloud/netflix/archaius/ArchaiusAutoConfigurationCustomizer
Event: 25.508 loading class org/springframework/cloud/netflix/archaius/ArchaiusAutoConfigurationCustomizer done
Event: 25.508 loading class org/springframework/cloud/netflix/archaius/ArchaiusAutoConfigurationCustomizer
Event: 25.508 loading class org/springframework/cloud/netflix/archaius/ArchaiusAutoConfigurationCustomizer done
Event: 25.511 loading class org/apache/commons/configuration/ConfigurationCustomizer
Event: 25.511 loading class org/apache/commons/configuration/ConfigurationCustomizer done
Event: 25.511 loading class org/apache/commons/configuration/ConfigurationCustomizer
Event: 25.511 loading class org/apache/commons/configuration/ConfigurationCustomizer done
Event: 25.512 loading class org/apache/commons/configuration/ConfigurationCustomizer
Event: 25.512 loading class org/apache/commons/configuration/ConfigurationCustomizer done


Dynamic libraries:
0x00007ff7312e0000 - 0x00007ff7312ed000 	C:\Program Files\Zulu\zulu-11\bin\java.exe
0x00007ff9e4f00000 - 0x00007ff9e50ed000 	C:\Windows\SYSTEM32\ntdll.dll
0x00007ff9e4060000 - 0x00007ff9e4113000 	C:\Windows\System32\KERNEL32.DLL
0x00007ff9e1c30000 - 0x00007ff9e1ec5000 	C:\Windows\System32\KERNELBASE.dll
0x00007ff9e1ff0000 - 0x00007ff9e20ea000 	C:\Windows\System32\ucrtbase.dll
0x00007ff9d3310000 - 0x00007ff9d3327000 	C:\Program Files\Zulu\zulu-11\bin\jli.dll
0x00007ff9e43b0000 - 0x00007ff9e4547000 	C:\Windows\System32\USER32.dll
0x00007ff9e1490000 - 0x00007ff9e14b0000 	C:\Windows\System32\win32u.dll
0x00007ff9e4800000 - 0x00007ff9e4829000 	C:\Windows\System32\GDI32.dll
0x00007ff9e1110000 - 0x00007ff9e12ac000 	C:\Windows\System32\gdi32full.dll
0x00007ff9e1ed0000 - 0x00007ff9e1f70000 	C:\Windows\System32\msvcp_win.dll
0x00007ff9d32f0000 - 0x00007ff9d3305000 	C:\Program Files\Zulu\zulu-11\bin\VCRUNTIME140.dll
0x00007ff9d5120000 - 0x00007ff9d5399000 	C:\Windows\WinSxS\amd64_microsoft.windows.common-controls_6595b64144ccf1df_6.0.17763.1518_none_de6e2bd0534e2567\COMCTL32.dll
0x00007ff9e4150000 - 0x00007ff9e41ee000 	C:\Windows\System32\msvcrt.dll
0x00007ff9e3ba0000 - 0x00007ff9e3ecd000 	C:\Windows\System32\combase.dll
0x00007ff9e45c0000 - 0x00007ff9e46e2000 	C:\Windows\System32\RPCRT4.dll
0x00007ff9e1f70000 - 0x00007ff9e1fee000 	C:\Windows\System32\bcryptPrimitives.dll
0x00007ff9e4120000 - 0x00007ff9e414e000 	C:\Windows\System32\IMM32.DLL
0x00007ff9d2dd0000 - 0x00007ff9d2ed8000 	C:\Program Files (x86)\Citrix\ICA Client\epclient64.dll
0x00007ff9e3fb0000 - 0x00007ff9e4053000 	C:\Windows\System32\ADVAPI32.dll
0x00007ff9e21e0000 - 0x00007ff9e227e000 	C:\Windows\System32\sechost.dll
0x00007ff9dff10000 - 0x00007ff9dff41000 	C:\Windows\SYSTEM32\ntmarta.dll
0x00007ff9c3a80000 - 0x00007ff9c3b1b000 	C:\Program Files\Zulu\zulu-11\bin\msvcp140.dll
0x0000013f48ed0000 - 0x0000013f48ef6000 	C:\Windows\System32\bcrypt.dll
0x00007ff98d8e0000 - 0x00007ff98e3a1000 	C:\Program Files\Zulu\zulu-11\bin\server\jvm.dll
0x0000013f48f10000 - 0x0000013f48f18000 	C:\Windows\System32\PSAPI.DLL
0x00007ff9d3450000 - 0x00007ff9d3459000 	C:\Windows\SYSTEM32\WSOCK32.dll
0x0000013f48f20000 - 0x0000013f48f8d000 	C:\Windows\System32\WS2_32.dll
0x00007ff9ddfc0000 - 0x00007ff9ddfe4000 	C:\Windows\SYSTEM32\WINMM.dll
0x00007ff9dab80000 - 0x00007ff9dab8a000 	C:\Windows\SYSTEM32\VERSION.dll
0x00007ff9ddea0000 - 0x00007ff9ddecd000 	C:\Windows\SYSTEM32\WINMMBASE.dll
0x00007ff9e1010000 - 0x00007ff9e105a000 	C:\Windows\System32\cfgmgr32.dll
0x00007ff9e0f90000 - 0x00007ff9e0fa1000 	C:\Windows\System32\kernel.appcore.dll
0x00007ff9dcf80000 - 0x00007ff9dcf90000 	C:\Program Files\Zulu\zulu-11\bin\verify.dll
0x00007ff9df680000 - 0x00007ff9df86d000 	C:\Windows\SYSTEM32\DBGHELP.DLL
0x00007ff9d50f0000 - 0x00007ff9d511a000 	C:\Windows\SYSTEM32\dbgcore.DLL
0x00007ff9d1a90000 - 0x00007ff9d1ab8000 	C:\Program Files\Zulu\zulu-11\bin\java.dll
0x00007ff9d3e80000 - 0x00007ff9d3e8a000 	C:\Program Files\Zulu\zulu-11\bin\jimage.dll
0x00007ff9d1a50000 - 0x00007ff9d1a67000 	C:\Program Files\Zulu\zulu-11\bin\zip.dll
0x00007ff9e26a0000 - 0x00007ff9e3b99000 	C:\Windows\System32\SHELL32.dll
0x00007ff9e2130000 - 0x00007ff9e21d8000 	C:\Windows\System32\shcore.dll
0x00007ff9e14b0000 - 0x00007ff9e1c02000 	C:\Windows\System32\windows.storage.dll
0x00007ff9e0f60000 - 0x00007ff9e0f84000 	C:\Windows\System32\profapi.dll
0x00007ff9e0f00000 - 0x00007ff9e0f5d000 	C:\Windows\System32\powrprof.dll
0x00007ff9e4d40000 - 0x00007ff9e4d92000 	C:\Windows\System32\shlwapi.dll
0x00007ff9e1c10000 - 0x00007ff9e1c27000 	C:\Windows\System32\cryptsp.dll
0x00007ff9d1980000 - 0x00007ff9d1999000 	C:\Program Files\Zulu\zulu-11\bin\net.dll
0x00007ff9dbea0000 - 0x00007ff9dbf94000 	C:\Windows\SYSTEM32\WINHTTP.dll
0x00007ff9e06a0000 - 0x00007ff9e0707000 	C:\Windows\system32\mswsock.dll
0x00007ff9d1960000 - 0x00007ff9d1972000 	C:\Program Files\Zulu\zulu-11\bin\nio.dll
0x00007ff9d0c90000 - 0x00007ff9d0c99000 	C:\Program Files\Zulu\zulu-11\bin\management.dll
0x00007ff9c9120000 - 0x00007ff9c912b000 	C:\Program Files\Zulu\zulu-11\bin\management_ext.dll
0x00007ff9e03d0000 - 0x00007ff9e040d000 	C:\Windows\SYSTEM32\IPHLPAPI.DLL
0x00007ff9e4cb0000 - 0x00007ff9e4cb8000 	C:\Windows\System32\NSI.dll
0x00007ff9d9d50000 - 0x00007ff9d9d66000 	C:\Windows\SYSTEM32\dhcpcsvc6.DLL
0x00007ff9d9d30000 - 0x00007ff9d9d4c000 	C:\Windows\SYSTEM32\dhcpcsvc.DLL
0x00007ff9e0410000 - 0x00007ff9e04d7000 	C:\Windows\SYSTEM32\DNSAPI.dll
0x00007ff9d6970000 - 0x00007ff9d697a000 	C:\Windows\System32\rasadhlp.dll
0x00007ff9d8650000 - 0x00007ff9d86c9000 	C:\Windows\System32\fwpuclnt.dll
0x00007ff9cf240000 - 0x00007ff9cf256000 	C:\Windows\system32\napinsp.dll
0x00007ff9cf130000 - 0x00007ff9cf14a000 	C:\Windows\system32\pnrpnsp.dll
0x00007ff9d0e90000 - 0x00007ff9d0e9e000 	C:\Windows\System32\winrnr.dll
0x00007ff9dcf00000 - 0x00007ff9dcf1b000 	C:\Windows\system32\NLAapi.dll
0x00007ff9daeb0000 - 0x00007ff9daec5000 	C:\Windows\system32\wshbth.dll
0x00007ff9c8530000 - 0x00007ff9c8555000 	C:\Program Files\Zulu\zulu-11\bin\sunec.dll
0x00007ff9e0230000 - 0x00007ff9e0263000 	C:\Windows\system32\rsaenh.dll
0x00007ff9e0e10000 - 0x00007ff9e0e39000 	C:\Windows\SYSTEM32\USERENV.dll
0x00007ff9e0820000 - 0x00007ff9e082c000 	C:\Windows\SYSTEM32\CRYPTBASE.dll

dbghelp: loaded successfully - version: 4.0.5 - missing functions: none
symbol engine: initialized successfully - sym options: 0x614 - pdb path: .;C:\Program Files\Zulu\zulu-11\bin;C:\Windows\SYSTEM32;C:\Windows\WinSxS\amd64_microsoft.windows.common-controls_6595b64144ccf1df_6.0.17763.1518_none_de6e2bd0534e2567;C:\Program Files (x86)\Citrix\ICA Client;C:\Program Files\Zulu\zulu-11\bin\server

VM Arguments:
java_command: C:\Users\Xose\AppData\Local\Temp\surefire13313171666704579061\surefirebooter410740325651553267.jar C:\Users\Xose\AppData\Local\Temp\surefire13313171666704579061 2020-11-03T16-02-21_502-jvmRun1 surefire13646136373508435005tmp surefire_04805322843485976327tmp
java_class_path (initial): C:\Users\Xose\AppData\Local\Temp\surefire13313171666704579061\surefirebooter410740325651553267.jar
Launcher Type: SUN_STANDARD

[Global flags]
     intx CICompilerCount                          = 3                                         {product} {ergonomic}
     uint ConcGCThreads                            = 1                                         {product} {ergonomic}
     uint G1ConcRefinementThreads                  = 4                                         {product} {ergonomic}
   size_t G1HeapRegionSize                         = 1048576                                   {product} {ergonomic}
    uintx GCDrainStackTargetSize                   = 64                                        {product} {ergonomic}
   size_t InitialHeapSize                          = 134217728                                 {product} {ergonomic}
   size_t MarkStackSize                            = 4194304                                   {product} {ergonomic}
   size_t MaxHeapSize                              = 2147483648                                {product} {ergonomic}
   size_t MaxNewSize                               = 1287651328                                {product} {ergonomic}
   size_t MinHeapDeltaBytes                        = 1048576                                   {product} {ergonomic}
    uintx NonNMethodCodeHeapSize                   = 5830732                                {pd product} {ergonomic}
    uintx NonProfiledCodeHeapSize                  = 122913754                              {pd product} {ergonomic}
    uintx ProfiledCodeHeapSize                     = 122913754                              {pd product} {ergonomic}
    uintx ReservedCodeCacheSize                    = 251658240                              {pd product} {ergonomic}
     bool SegmentedCodeCache                       = true                                      {product} {ergonomic}
     bool UseCompressedClassPointers               = true                                 {lp64_product} {ergonomic}
     bool UseCompressedOops                        = true                                 {lp64_product} {ergonomic}
     bool UseG1GC                                  = true                                      {product} {ergonomic}
     bool UseLargePagesIndividualAllocation        = false                                  {pd product} {ergonomic}

Logging:
Log output configuration:
 #0: stdout all=warning uptime,level,tags
 #1: stderr all=off uptime,level,tags

Environment Variables:
JAVA_HOME=C:\Program Files\Zulu\zulu-11
PATH=C:\Program Files (x86)\Common Files\Oracle\Java\javapath;C:\Windows\system32;C:\Windows;C:\Windows\System32\Wbem;C:\Windows\System32\WindowsPowerShell\v1.0\;C:\Windows\System32\OpenSSH\;C:\Program Files\Git\cmd;C:\Proxectos\tools\node;C:\Proxectos\tools\maven\bin;C:\Program Files\Zulu\zulu-11\bin;C:\Program Files\MongoDB\Server\4.2\bin;;C:\Program Files\Zulu\zulu-11\bin\;C:\Program Files\Docker\Docker\resources\bin;C:\ProgramData\DockerDesktop\version-bin;C:\Users\Xose\AppData\Local\Microsoft\WindowsApps;
USERNAME=Xose
OS=Windows_NT
PROCESSOR_IDENTIFIER=AMD64 Family 23 Model 8 Stepping 2, AuthenticAMD



---------------  S Y S T E M  ---------------

OS: Windows 10 , 64 bit Build 17763 (10.0.17763.475)
OS uptime: 0 days 10:29 hours
HyperV virtualization detected

CPU:total 4 (initial active 4) (4 cores per cpu, 1 threads per core) family 23 model 8 stepping 2, cmov, cx8, fxsr, mmx, sse, sse2, sse3, ssse3, sse4.1, sse4.2, popcnt, avx, avx2, aes, clmul, mmxext, 3dnowpref, lzcnt, sse4a, tsc, tscinvbit, tscinv, bmi1, bmi2, adx, sha, fma

Memory: 4k page, system-wide physical 8190M (1410M free)
TotalPageFile size 18361M (AvailPageFile size 7936M)
current process WorkingSet (physical memory assigned to process): 393M, peak: 419M
current process commit charge ("private bytes"): 429M, peak: 455M

vm_info: OpenJDK 64-Bit Server VM (11.0.8+10-LTS) for windows-amd64 JRE (Zulu11.41+23-CA) (11.0.8+10-LTS), built on Jul 10 2020 07:15:08 by "zulu_re" with MS VC++ 15.9 (VS2017)

END.
