#
# There is insufficient memory for the Java Runtime Environment to continue.
# Native memory allocation (malloc) failed to allocate 32744 bytes for ChunkPool::allocate
# Possible reasons:
#   The system is out of physical RAM or swap space
#   The process is running with CompressedOops enabled, and the Java Heap may be blocking the growth of the native heap
# Possible solutions:
#   Reduce memory load on the system
#   Increase physical memory or swap space
#   Check if swap backing store is full
#   Decrease Java heap size (-Xmx/-Xms)
#   Decrease number of Java threads
#   Decrease Java thread stack sizes (-Xss)
#   Set larger code cache with -XX:ReservedCodeCacheSize=
#   JVM is running with Unscaled Compressed Oops mode in which the Java heap is
#     placed in the first 4GB address space. The Java Heap base address is the
#     maximum limit for the native heap growth. Please use -XX:HeapBaseMinAddress
#     to set the Java Heap base and to place the Java Heap above 4GB virtual address.
# This output file may be truncated or incomplete.
#
#  Out of Memory Error (allocation.cpp:272), pid=22296, tid=0x0000000000003114
#
# JRE version: Java(TM) SE Runtime Environment (8.0_271-b09) (build 1.8.0_271-b09)
# Java VM: Java HotSpot(TM) 64-Bit Server VM (25.271-b09 mixed mode windows-amd64 compressed oops)
# Failed to write core dump. Minidumps are not enabled by default on client versions of Windows
#

---------------  T H R E A D  ---------------

Current thread (0x0000019c9c38b800):  JavaThread "C2 CompilerThread0" daemon [_thread_in_native, id=12564, stack(0x0000009040c00000,0x0000009040d00000)]

Stack: [0x0000009040c00000,0x0000009040d00000]
Native frames: (J=compiled Java code, j=interpreted, Vv=VM code, C=native code)
V  [jvm.dll+0x33f6c9]
V  [jvm.dll+0x286122]
V  [jvm.dll+0x286dcd]
V  [jvm.dll+0x27d805]
V  [jvm.dll+0xe5bed]
V  [jvm.dll+0xe5f4c]
V  [jvm.dll+0x48319b]
V  [jvm.dll+0x49c710]
V  [jvm.dll+0x49b980]
V  [jvm.dll+0x49c202]
V  [jvm.dll+0x447c45]
V  [jvm.dll+0x450c25]
V  [jvm.dll+0x44ffe5]
V  [jvm.dll+0x43aef7]
V  [jvm.dll+0xbc3eb]
V  [jvm.dll+0xbaa4b]
V  [jvm.dll+0x24e7c2]
V  [jvm.dll+0x2a2dcc]
C  [ucrtbase.dll+0x210b2]
C  [KERNEL32.DLL+0x17c24]
C  [ntdll.dll+0x6cea1]


Current CompileTask:
C2:  58181 10431   !   4       org.springframework.boot.context.properties.source.SpringConfigurationPropertySource::getConfigurationProperty (196 bytes)


---------------  P R O C E S S  ---------------

Java Threads: ( => current thread )
  0x0000019c9bbff800 JavaThread "Thread-13" [_thread_in_Java, id=13744, stack(0x0000009042000000,0x0000009042100000)]
  0x0000019c9bbfc800 JavaThread "DiscoveryClient-InstanceInfoReplicator-0" daemon [_thread_blocked, id=7824, stack(0x0000009041f00000,0x0000009042000000)]
  0x0000019c9bbfd000 JavaThread "DiscoveryClient-1" daemon [_thread_blocked, id=11428, stack(0x0000009041e00000,0x0000009041f00000)]
  0x0000019c9bbfb000 JavaThread "DiscoveryClient-0" daemon [_thread_blocked, id=6296, stack(0x0000009041d00000,0x0000009041e00000)]
  0x0000019c9bc01800 JavaThread "AsyncResolver-bootstrap-0" daemon [_thread_blocked, id=17740, stack(0x0000009041c00000,0x0000009041d00000)]
  0x0000019c9bc01000 JavaThread "Apache-HttpClient-Conn-Cleaner2" daemon [_thread_blocked, id=21476, stack(0x0000009041b00000,0x0000009041c00000)]
  0x0000019c9bbfb800 JavaThread "spring.cloud.inetutils" daemon [_thread_blocked, id=10700, stack(0x0000009041a00000,0x0000009041b00000)]
  0x0000019c9caf5000 JavaThread "DiscoveryClient-InstanceInfoReplicator-0" daemon [_thread_blocked, id=11084, stack(0x0000009041900000,0x0000009041a00000)]
  0x0000019c9caf5800 JavaThread "DiscoveryClient-1" daemon [_thread_blocked, id=15316, stack(0x0000009041800000,0x0000009041900000)]
  0x0000019c9caf7000 JavaThread "DiscoveryClient-0" daemon [_thread_blocked, id=19980, stack(0x0000009041700000,0x0000009041800000)]
  0x0000019c9caf4000 JavaThread "AsyncResolver-bootstrap-0" daemon [_thread_blocked, id=3916, stack(0x0000009041500000,0x0000009041600000)]
  0x0000019c9caf6800 JavaThread "Apache-HttpClient-Conn-Cleaner2" daemon [_thread_blocked, id=10476, stack(0x0000009041400000,0x0000009041500000)]
  0x0000019c9caf2000 JavaThread "spring.cloud.inetutils" daemon [_thread_blocked, id=16492, stack(0x0000009041100000,0x0000009041200000)]
  0x0000019c9cc77800 JavaThread "ReaderThread" [_thread_in_native, id=19576, stack(0x0000009041000000,0x0000009041100000)]
  0x0000019c9c2d5800 JavaThread "Service Thread" daemon [_thread_blocked, id=17680, stack(0x0000009040e00000,0x0000009040f00000)]
  0x0000019c9c38c000 JavaThread "C1 CompilerThread1" daemon [_thread_blocked, id=4892, stack(0x0000009040d00000,0x0000009040e00000)]
=>0x0000019c9c38b800 JavaThread "C2 CompilerThread0" daemon [_thread_in_native, id=12564, stack(0x0000009040c00000,0x0000009040d00000)]
  0x0000019c9c25a000 JavaThread "org.jacoco.agent.rt.internal_43f5073.output.TcpClientOutput" daemon [_thread_in_native, id=21680, stack(0x0000009040b00000,0x0000009040c00000)]
  0x0000019c9ae29800 JavaThread "Attach Listener" daemon [_thread_blocked, id=12600, stack(0x0000009040a00000,0x0000009040b00000)]
  0x0000019c9ae27000 JavaThread "Signal Dispatcher" daemon [_thread_blocked, id=13924, stack(0x0000009040900000,0x0000009040a00000)]
  0x0000019c9adfd000 JavaThread "Finalizer" daemon [_thread_blocked, id=9224, stack(0x0000009040800000,0x0000009040900000)]
  0x0000019c9adf4000 JavaThread "Reference Handler" daemon [_thread_blocked, id=16992, stack(0x0000009040700000,0x0000009040800000)]
  0x0000019c84b54800 JavaThread "main" [_thread_in_native, id=11316, stack(0x0000009040200000,0x0000009040300000)]

Other Threads:
  0x0000019c9adc8800 VMThread [stack: 0x0000009040600000,0x0000009040700000] [id=8812]
  0x0000019c9c33e000 WatcherThread [stack: 0x0000009040f00000,0x0000009041000000] [id=10168]

VM state:not at safepoint (normal execution)

VM Mutex/Monitor currently owned by a thread: None

heap address: 0x0000000080000000, size: 2048 MB, Compressed Oops mode: 32-bit
Narrow klass base: 0x0000000000000000, Narrow klass shift: 3
Compressed class space size: 1073741824 Address: 0x0000000100000000

Heap:
 PSYoungGen      total 340480K, used 31575K [0x00000000d5580000, 0x00000000eaf80000, 0x0000000100000000)
  eden space 330752K, 7% used [0x00000000d5580000,0x00000000d6c65bf0,0x00000000e9880000)
  from space 9728K, 83% used [0x00000000ea300000,0x00000000eaaf0010,0x00000000eac80000)
  to   space 10752K, 0% used [0x00000000e9880000,0x00000000e9880000,0x00000000ea300000)
 ParOldGen       total 113152K, used 36279K [0x0000000080000000, 0x0000000086e80000, 0x00000000d5580000)
  object space 113152K, 32% used [0x0000000080000000,0x000000008236ded0,0x0000000086e80000)
 Metaspace       used 73551K, capacity 77881K, committed 78080K, reserved 1118208K
  class space    used 9216K, capacity 9938K, committed 9984K, reserved 1048576K

Card table byte_map: [0x0000019c95760000,0x0000019c95b70000] byte_map_base: 0x0000019c95360000

Marking Bits: (ParMarkBitMap*) 0x00000000542c7fe0
 Begin Bits: [0x0000019c95e20000, 0x0000019c97e20000)
 End Bits:   [0x0000019c97e20000, 0x0000019c99e20000)

Polling page: 0x0000019c84a80000

CodeCache: size=245760Kb used=33669Kb max_used=34560Kb free=212090Kb
 bounds [0x0000019c863a0000, 0x0000019c885c0000, 0x0000019c953a0000]
 total_blobs=9146 nmethods=8614 adapters=443
 compilation: enabled

Compilation events (10 events):
Event: 57.855 Thread 0x0000019c9c38c000 nmethod 10768 0x0000019c868335d0 code [0x0000019c86833740, 0x0000019c86833920]
Event: 57.909 Thread 0x0000019c9c38c000 10769       2       javax.management.openmbean.CompositeDataSupport::<init> (11 bytes)
Event: 57.910 Thread 0x0000019c9c38c000 nmethod 10769 0x0000019c868331d0 code [0x0000019c86833340, 0x0000019c86833500]
Event: 57.953 Thread 0x0000019c9c38c000 10770       2       org.springframework.util.AntPathMatcher::isPattern (155 bytes)
Event: 57.954 Thread 0x0000019c9c38c000 nmethod 10770 0x0000019c86847cd0 code [0x0000019c86847e80, 0x0000019c86848340]
Event: 58.041 Thread 0x0000019c9c38c000 10771       2       org.springframework.context.annotation.ComponentScanAnnotationParser$1::$jacocoInit (51 bytes)
Event: 58.042 Thread 0x0000019c9c38c000 nmethod 10771 0x0000019c8691bb10 code [0x0000019c8691bca0, 0x0000019c8691c100]
Event: 58.042 Thread 0x0000019c9c38c000 10772   !   2       org.springframework.boot.test.context.filter.TestTypeExcludeFilter::match (105 bytes)
Event: 58.043 Thread 0x0000019c9c38c000 nmethod 10772 0x0000019c86978fd0 code [0x0000019c86979200, 0x0000019c86979860]
Event: 58.043 Thread 0x0000019c9c38c000 10773       2       org.springframework.boot.test.context.filter.TestTypeExcludeFilter::isTestClass (147 bytes)

GC Heap History (10 events):
Event: 36.145 GC heap before
{Heap before GC invocations=21 (full 3):
 PSYoungGen      total 341504K, used 330752K [0x00000000d5580000, 0x00000000eaf80000, 0x0000000100000000)
  eden space 330752K, 100% used [0x00000000d5580000,0x00000000e9880000,0x00000000e9880000)
  from space 10752K, 0% used [0x00000000e9880000,0x00000000e9880000,0x00000000ea300000)
  to   space 9728K, 0% used [0x00000000ea300000,0x00000000ea300000,0x00000000eac80000)
 ParOldGen       total 113152K, used 29731K [0x0000000080000000, 0x0000000086e80000, 0x00000000d5580000)
  object space 113152K, 26% used [0x0000000080000000,0x0000000081d08fe0,0x0000000086e80000)
 Metaspace       used 62304K, capacity 66007K, committed 66304K, reserved 1107968K
  class space    used 7711K, capacity 8363K, committed 8448K, reserved 1048576K
Event: 36.164 GC heap after
Heap after GC invocations=21 (full 3):
 PSYoungGen      total 340480K, used 9723K [0x00000000d5580000, 0x00000000eaf80000, 0x0000000100000000)
  eden space 330752K, 0% used [0x00000000d5580000,0x00000000d5580000,0x00000000e9880000)
  from space 9728K, 99% used [0x00000000ea300000,0x00000000eac7ed90,0x00000000eac80000)
  to   space 10752K, 0% used [0x00000000e9880000,0x00000000e9880000,0x00000000ea300000)
 ParOldGen       total 113152K, used 30148K [0x0000000080000000, 0x0000000086e80000, 0x00000000d5580000)
  object space 113152K, 26% used [0x0000000080000000,0x0000000081d71178,0x0000000086e80000)
 Metaspace       used 62304K, capacity 66007K, committed 66304K, reserved 1107968K
  class space    used 7711K, capacity 8363K, committed 8448K, reserved 1048576K
}
Event: 43.130 GC heap before
{Heap before GC invocations=22 (full 3):
 PSYoungGen      total 340480K, used 340475K [0x00000000d5580000, 0x00000000eaf80000, 0x0000000100000000)
  eden space 330752K, 100% used [0x00000000d5580000,0x00000000e9880000,0x00000000e9880000)
  from space 9728K, 99% used [0x00000000ea300000,0x00000000eac7ed90,0x00000000eac80000)
  to   space 10752K, 0% used [0x00000000e9880000,0x00000000e9880000,0x00000000ea300000)
 ParOldGen       total 113152K, used 30148K [0x0000000080000000, 0x0000000086e80000, 0x00000000d5580000)
  object space 113152K, 26% used [0x0000000080000000,0x0000000081d71178,0x0000000086e80000)
 Metaspace       used 69077K, capacity 73223K, committed 73472K, reserved 1114112K
  class space    used 8636K, capacity 9365K, committed 9472K, reserved 1048576K
Event: 43.148 GC heap after
Heap after GC invocations=22 (full 3):
 PSYoungGen      total 341504K, used 6645K [0x00000000d5580000, 0x00000000eaf80000, 0x0000000100000000)
  eden space 330752K, 0% used [0x00000000d5580000,0x00000000d5580000,0x00000000e9880000)
  from space 10752K, 61% used [0x00000000e9880000,0x00000000e9efd608,0x00000000ea300000)
  to   space 9728K, 0% used [0x00000000ea300000,0x00000000ea300000,0x00000000eac80000)
 ParOldGen       total 113152K, used 34513K [0x0000000080000000, 0x0000000086e80000, 0x00000000d5580000)
  object space 113152K, 30% used [0x0000000080000000,0x00000000821b47d0,0x0000000086e80000)
 Metaspace       used 69077K, capacity 73223K, committed 73472K, reserved 1114112K
  class space    used 8636K, capacity 9365K, committed 9472K, reserved 1048576K
}
Event: 48.897 GC heap before
{Heap before GC invocations=23 (full 3):
 PSYoungGen      total 341504K, used 337397K [0x00000000d5580000, 0x00000000eaf80000, 0x0000000100000000)
  eden space 330752K, 100% used [0x00000000d5580000,0x00000000e9880000,0x00000000e9880000)
  from space 10752K, 61% used [0x00000000e9880000,0x00000000e9efd608,0x00000000ea300000)
  to   space 9728K, 0% used [0x00000000ea300000,0x00000000ea300000,0x00000000eac80000)
 ParOldGen       total 113152K, used 34513K [0x0000000080000000, 0x0000000086e80000, 0x00000000d5580000)
  object space 113152K, 30% used [0x0000000080000000,0x00000000821b47d0,0x0000000086e80000)
 Metaspace       used 72817K, capacity 77067K, committed 77312K, reserved 1116160K
  class space    used 9185K, capacity 9915K, committed 9984K, reserved 1048576K
Event: 48.919 GC heap after
Heap after GC invocations=23 (full 3):
 PSYoungGen      total 340480K, used 9425K [0x00000000d5580000, 0x00000000eaf80000, 0x0000000100000000)
  eden space 330752K, 0% used [0x00000000d5580000,0x00000000d5580000,0x00000000e9880000)
  from space 9728K, 96% used [0x00000000ea300000,0x00000000eac34798,0x00000000eac80000)
  to   space 10752K, 0% used [0x00000000e9880000,0x00000000e9880000,0x00000000ea300000)
 ParOldGen       total 113152K, used 36279K [0x0000000080000000, 0x0000000086e80000, 0x00000000d5580000)
  object space 113152K, 32% used [0x0000000080000000,0x000000008236ded0,0x0000000086e80000)
 Metaspace       used 72817K, capacity 77067K, committed 77312K, reserved 1116160K
  class space    used 9185K, capacity 9915K, committed 9984K, reserved 1048576K
}
Event: 53.127 GC heap before
{Heap before GC invocations=24 (full 3):
 PSYoungGen      total 340480K, used 340177K [0x00000000d5580000, 0x00000000eaf80000, 0x0000000100000000)
  eden space 330752K, 100% used [0x00000000d5580000,0x00000000e9880000,0x00000000e9880000)
  from space 9728K, 96% used [0x00000000ea300000,0x00000000eac34798,0x00000000eac80000)
  to   space 10752K, 0% used [0x00000000e9880000,0x00000000e9880000,0x00000000ea300000)
 ParOldGen       total 113152K, used 36279K [0x0000000080000000, 0x0000000086e80000, 0x00000000d5580000)
  object space 113152K, 32% used [0x0000000080000000,0x000000008236ded0,0x0000000086e80000)
 Metaspace       used 73230K, capacity 77495K, committed 77568K, reserved 1116160K
  class space    used 9210K, capacity 9929K, committed 9984K, reserved 1048576K
Event: 53.144 GC heap after
Heap after GC invocations=24 (full 3):
 PSYoungGen      total 341504K, used 7375K [0x00000000d5580000, 0x00000000eaf80000, 0x0000000100000000)
  eden space 330752K, 0% used [0x00000000d5580000,0x00000000d5580000,0x00000000e9880000)
  from space 10752K, 68% used [0x00000000e9880000,0x00000000e9fb3f88,0x00000000ea300000)
  to   space 9728K, 0% used [0x00000000ea300000,0x00000000ea300000,0x00000000eac80000)
 ParOldGen       total 113152K, used 36279K [0x0000000080000000, 0x0000000086e80000, 0x00000000d5580000)
  object space 113152K, 32% used [0x0000000080000000,0x000000008236ded0,0x0000000086e80000)
 Metaspace       used 73230K, capacity 77495K, committed 77568K, reserved 1116160K
  class space    used 9210K, capacity 9929K, committed 9984K, reserved 1048576K
}
Event: 57.862 GC heap before
{Heap before GC invocations=25 (full 3):
 PSYoungGen      total 341504K, used 338127K [0x00000000d5580000, 0x00000000eaf80000, 0x0000000100000000)
  eden space 330752K, 100% used [0x00000000d5580000,0x00000000e9880000,0x00000000e9880000)
  from space 10752K, 68% used [0x00000000e9880000,0x00000000e9fb3f88,0x00000000ea300000)
  to   space 9728K, 0% used [0x00000000ea300000,0x00000000ea300000,0x00000000eac80000)
 ParOldGen       total 113152K, used 36279K [0x0000000080000000, 0x0000000086e80000, 0x00000000d5580000)
  object space 113152K, 32% used [0x0000000080000000,0x000000008236ded0,0x0000000086e80000)
 Metaspace       used 73532K, capacity 77869K, committed 78080K, reserved 1118208K
  class space    used 9215K, capacity 9936K, committed 9984K, reserved 1048576K
Event: 57.908 GC heap after
Heap after GC invocations=25 (full 3):
 PSYoungGen      total 340480K, used 8128K [0x00000000d5580000, 0x00000000eaf80000, 0x0000000100000000)
  eden space 330752K, 0% used [0x00000000d5580000,0x00000000d5580000,0x00000000e9880000)
  from space 9728K, 83% used [0x00000000ea300000,0x00000000eaaf0010,0x00000000eac80000)
  to   space 10752K, 0% used [0x00000000e9880000,0x00000000e9880000,0x00000000ea300000)
 ParOldGen       total 113152K, used 36279K [0x0000000080000000, 0x0000000086e80000, 0x00000000d5580000)
  object space 113152K, 32% used [0x0000000080000000,0x000000008236ded0,0x0000000086e80000)
 Metaspace       used 73532K, capacity 77869K, committed 78080K, reserved 1118208K
  class space    used 9215K, capacity 9936K, committed 9984K, reserved 1048576K
}

Deoptimization events (10 events):
Event: 55.739 Thread 0x0000019c84b54800 Uncommon trap: reason=null_check action=make_not_entrant pc=0x0000019c8851e1f8 method=java.beans.PropertyDescriptor.findPropertyType(Ljava/lang/reflect/Method;Ljava/lang/reflect/Method;)Ljava/lang/Class; @ 157
Event: 55.907 Thread 0x0000019c84b54800 Uncommon trap: reason=class_check action=maybe_recompile pc=0x0000019c87ef5584 method=java.util.concurrent.ConcurrentHashMap.computeIfAbsent(Ljava/lang/Object;Ljava/util/function/Function;)Ljava/lang/Object; @ 278
Event: 55.907 Thread 0x0000019c84b54800 Uncommon trap: reason=class_check action=maybe_recompile pc=0x0000019c87ef5584 method=java.util.concurrent.ConcurrentHashMap.computeIfAbsent(Ljava/lang/Object;Ljava/util/function/Function;)Ljava/lang/Object; @ 278
Event: 55.909 Thread 0x0000019c84b54800 Uncommon trap: reason=class_check action=maybe_recompile pc=0x0000019c87ef5584 method=java.util.concurrent.ConcurrentHashMap.computeIfAbsent(Ljava/lang/Object;Ljava/util/function/Function;)Ljava/lang/Object; @ 278
Event: 55.910 Thread 0x0000019c84b54800 Uncommon trap: reason=class_check action=maybe_recompile pc=0x0000019c87ef5584 method=java.util.concurrent.ConcurrentHashMap.computeIfAbsent(Ljava/lang/Object;Ljava/util/function/Function;)Ljava/lang/Object; @ 278
Event: 56.304 Thread 0x0000019c84b54800 Uncommon trap: reason=class_check action=maybe_recompile pc=0x0000019c86827f24 method=java.util.zip.InflaterInputStream.read([BII)I @ 100
Event: 56.314 Thread 0x0000019c84b54800 Uncommon trap: reason=class_check action=maybe_recompile pc=0x0000019c86827f24 method=java.util.zip.InflaterInputStream.read([BII)I @ 100
Event: 56.445 Thread 0x0000019c84b54800 Uncommon trap: reason=unstable_if action=reinterpret pc=0x0000019c87f9fe5c method=org.mockito.internal.creation.bytebuddy.SubclassByteBuddyMockMaker.getHandler(Ljava/lang/Object;)Lorg/mockito/invocation/MockHandler; @ 8
Event: 56.446 Thread 0x0000019c84b54800 Uncommon trap: reason=unstable_if action=reinterpret pc=0x0000019c8796bd44 method=org.mockito.internal.creation.bytebuddy.SubclassByteBuddyMockMaker.getHandler(Ljava/lang/Object;)Lorg/mockito/invocation/MockHandler; @ 8
Event: 56.466 Thread 0x0000019c84b54800 Uncommon trap: reason=unstable_if action=reinterpret pc=0x0000019c87f66530 method=org.mockito.internal.creation.bytebuddy.SubclassByteBuddyMockMaker.getHandler(Ljava/lang/Object;)Lorg/mockito/invocation/MockHandler; @ 8

Classes redefined (0 events):
No events

Internal exceptions (10 events):
Event: 57.938 Thread 0x0000019c84b54800 Exception <a 'java/lang/ClassNotFoundException': org/springframework/beans/factory/support/BeanDefinitionRegistryPostProcessorCustomizer> (0x00000000d565bb28) thrown at [C:\jenkins\workspace\8-2-build-windows-amd64-cygwin\jdk8u271\605\hotspot\src\share\vm
Event: 57.940 Thread 0x0000019c84b54800 Exception <a 'java/lang/ClassNotFoundException': org/springframework/beans/factory/config/BeanFactoryPostProcessorCustomizer> (0x00000000d56a37d0) thrown at [C:\jenkins\workspace\8-2-build-windows-amd64-cygwin\jdk8u271\605\hotspot\src\share\vm\classfile\s
Event: 57.941 Thread 0x0000019c84b54800 Exception <a 'java/lang/ClassNotFoundException': org/springframework/core/PriorityOrderedCustomizer> (0x00000000d56d84e0) thrown at [C:\jenkins\workspace\8-2-build-windows-amd64-cygwin\jdk8u271\605\hotspot\src\share\vm\classfile\systemDictionary.cpp, line
Event: 57.943 Thread 0x0000019c84b54800 Exception <a 'java/lang/ClassNotFoundException': org/springframework/core/OrderedCustomizer> (0x00000000d5706d28) thrown at [C:\jenkins\workspace\8-2-build-windows-amd64-cygwin\jdk8u271\605\hotspot\src\share\vm\classfile\systemDictionary.cpp, line 212]
Event: 57.944 Thread 0x0000019c84b54800 Exception <a 'java/lang/ClassNotFoundException': org/springframework/context/ResourceLoaderAwareCustomizer> (0x00000000d5740ef0) thrown at [C:\jenkins\workspace\8-2-build-windows-amd64-cygwin\jdk8u271\605\hotspot\src\share\vm\classfile\systemDictionary.cp
Event: 57.945 Thread 0x0000019c84b54800 Exception <a 'java/lang/ClassNotFoundException': org/springframework/beans/factory/AwareCustomizer> (0x00000000d5775eb0) thrown at [C:\jenkins\workspace\8-2-build-windows-amd64-cygwin\jdk8u271\605\hotspot\src\share\vm\classfile\systemDictionary.cpp, line 
Event: 57.947 Thread 0x0000019c84b54800 Exception <a 'java/lang/ClassNotFoundException': org/springframework/beans/factory/BeanClassLoaderAwareCustomizer> (0x00000000d57b4988) thrown at [C:\jenkins\workspace\8-2-build-windows-amd64-cygwin\jdk8u271\605\hotspot\src\share\vm\classfile\systemDictio
Event: 57.948 Thread 0x0000019c84b54800 Exception <a 'java/lang/ClassNotFoundException': org/springframework/beans/factory/AwareCustomizer> (0x00000000d57e9a18) thrown at [C:\jenkins\workspace\8-2-build-windows-amd64-cygwin\jdk8u271\605\hotspot\src\share\vm\classfile\systemDictionary.cpp, line 
Event: 57.950 Thread 0x0000019c84b54800 Exception <a 'java/lang/ClassNotFoundException': org/springframework/context/EnvironmentAwareCustomizer> (0x00000000d58210d8) thrown at [C:\jenkins\workspace\8-2-build-windows-amd64-cygwin\jdk8u271\605\hotspot\src\share\vm\classfile\systemDictionary.cpp, 
Event: 57.951 Thread 0x0000019c84b54800 Exception <a 'java/lang/ClassNotFoundException': org/springframework/beans/factory/AwareCustomizer> (0x00000000d5856048) thrown at [C:\jenkins\workspace\8-2-build-windows-amd64-cygwin\jdk8u271\605\hotspot\src\share\vm\classfile\systemDictionary.cpp, line 

Events (10 events):
Event: 57.949 loading class org/springframework/context/EnvironmentAwareCustomizer
Event: 57.949 loading class org/springframework/context/EnvironmentAwareCustomizer done
Event: 57.949 loading class org/springframework/context/EnvironmentAwareCustomizer
Event: 57.950 loading class org/springframework/context/EnvironmentAwareCustomizer done
Event: 57.950 loading class org/springframework/beans/factory/AwareCustomizer
Event: 57.950 loading class org/springframework/beans/factory/AwareCustomizer done
Event: 57.950 loading class org/springframework/beans/factory/AwareCustomizer
Event: 57.950 loading class org/springframework/beans/factory/AwareCustomizer done
Event: 57.951 loading class org/springframework/beans/factory/AwareCustomizer
Event: 57.951 loading class org/springframework/beans/factory/AwareCustomizer done


Dynamic libraries:
0x00007ff663fc0000 - 0x00007ff664007000 	C:\Program Files\Java\jdk1.8.0_271\bin\javaw.exe
0x00007ff9acee0000 - 0x00007ff9ad0d0000 	C:\WINDOWS\SYSTEM32\ntdll.dll
0x00007ff9ac780000 - 0x00007ff9ac832000 	C:\WINDOWS\System32\KERNEL32.DLL
0x00007ff9aac90000 - 0x00007ff9aaf35000 	C:\WINDOWS\System32\KERNELBASE.dll
0x00007ff9abee0000 - 0x00007ff9abf83000 	C:\WINDOWS\System32\ADVAPI32.dll
0x00007ff9abde0000 - 0x00007ff9abe7e000 	C:\WINDOWS\System32\msvcrt.dll
0x00007ff9ac130000 - 0x00007ff9ac1c7000 	C:\WINDOWS\System32\sechost.dll
0x00007ff9acb90000 - 0x00007ff9accb0000 	C:\WINDOWS\System32\RPCRT4.dll
0x00007ff9abf90000 - 0x00007ff9ac124000 	C:\WINDOWS\System32\USER32.dll
0x00007ff9aaa60000 - 0x00007ff9aaa81000 	C:\WINDOWS\System32\win32u.dll
0x00007ff9acd20000 - 0x00007ff9acd46000 	C:\WINDOWS\System32\GDI32.dll
0x00007ff9aa7b0000 - 0x00007ff9aa946000 	C:\WINDOWS\System32\gdi32full.dll
0x00007ff9a9e70000 - 0x00007ff9a9f0e000 	C:\WINDOWS\System32\msvcp_win.dll
0x00007ff9aa690000 - 0x00007ff9aa78a000 	C:\WINDOWS\System32\ucrtbase.dll
0x00007ff994d30000 - 0x00007ff994fb4000 	C:\WINDOWS\WinSxS\amd64_microsoft.windows.common-controls_6595b64144ccf1df_6.0.18362.1139_none_9e7bf2d3e4605ac6\COMCTL32.dll
0x00007ff9ac850000 - 0x00007ff9acb85000 	C:\WINDOWS\System32\combase.dll
0x00007ff9aac10000 - 0x00007ff9aac90000 	C:\WINDOWS\System32\bcryptPrimitives.dll
0x00007ff9abb20000 - 0x00007ff9abb4e000 	C:\WINDOWS\System32\IMM32.DLL
0x00007ff9a9c40000 - 0x00007ff9a9c77000 	C:\Program Files\Citrix\HDX\bin\MfApHook.dll
0x00007ff9a9b80000 - 0x00007ff9a9b92000 	C:\Program Files\Citrix\HDX\bin\FullScreenHook.dll
0x00007ff9a9ac0000 - 0x00007ff9a9b59000 	C:\WINDOWS\SYSTEM32\MSVCP140.dll
0x00007ff9a35c0000 - 0x00007ff9a35d5000 	C:\Program Files\Java\jdk1.8.0_271\bin\VCRUNTIME140.dll
0x00007ff9a9870000 - 0x00007ff9a989a000 	C:\Program Files\Citrix\HDX\bin\ShellHook.dll
0x00007ff9abe80000 - 0x00007ff9abed2000 	C:\WINDOWS\System32\SHLWAPI.dll
0x00007ff9a98c0000 - 0x00007ff9a99ca000 	C:\Program Files\Citrix\HDX\bin\SCardHook.dll
0x00007ff9a93a0000 - 0x00007ff9a93c0000 	C:\Program Files\Citrix\HDX\bin\CxInjIme.dll
0x00007ff9a33c0000 - 0x00007ff9a33d5000 	C:\Program Files\Java\jdk1.8.0_271\jre\bin\vcruntime140.dll
0x00007ff98a3a0000 - 0x00007ff98a43b000 	C:\Program Files\Java\jdk1.8.0_271\jre\bin\msvcp140.dll
0x0000000053ad0000 - 0x000000005433f000 	C:\Program Files\Java\jdk1.8.0_271\jre\bin\server\jvm.dll
0x00007ff9aafb0000 - 0x00007ff9aafb8000 	C:\WINDOWS\System32\PSAPI.DLL
0x00007ff99e3b0000 - 0x00007ff99e3b9000 	C:\WINDOWS\SYSTEM32\WSOCK32.dll
0x00007ff9accb0000 - 0x00007ff9acd1f000 	C:\WINDOWS\System32\WS2_32.dll
0x00007ff9a0220000 - 0x00007ff9a0244000 	C:\WINDOWS\SYSTEM32\WINMM.dll
0x00007ff9a9a30000 - 0x00007ff9a9a3a000 	C:\WINDOWS\SYSTEM32\VERSION.dll
0x00007ff9a0120000 - 0x00007ff9a014d000 	C:\WINDOWS\SYSTEM32\WINMMBASE.dll
0x00007ff9aaf40000 - 0x00007ff9aaf8a000 	C:\WINDOWS\System32\cfgmgr32.dll
0x00007ff9a9e30000 - 0x00007ff9a9e41000 	C:\WINDOWS\System32\kernel.appcore.dll
0x00007ff9a4750000 - 0x00007ff9a4760000 	C:\Program Files\Java\jdk1.8.0_271\jre\bin\verify.dll
0x00007ff998ae0000 - 0x00007ff998b0b000 	C:\Program Files\Java\jdk1.8.0_271\jre\bin\java.dll
0x00007ff998cb0000 - 0x00007ff998ce0000 	C:\Program Files\Java\jdk1.8.0_271\jre\bin\instrument.dll
0x00007ff998660000 - 0x00007ff998678000 	C:\Program Files\Java\jdk1.8.0_271\jre\bin\zip.dll
0x00007ff9ab430000 - 0x00007ff9abb17000 	C:\WINDOWS\System32\SHELL32.dll
0x00007ff9ac1d0000 - 0x00007ff9ac279000 	C:\WINDOWS\System32\shcore.dll
0x00007ff9a9f10000 - 0x00007ff9aa690000 	C:\WINDOWS\System32\windows.storage.dll
0x00007ff9a9db0000 - 0x00007ff9a9dd3000 	C:\WINDOWS\System32\profapi.dll
0x00007ff9a9de0000 - 0x00007ff9a9e2a000 	C:\WINDOWS\System32\powrprof.dll
0x00007ff9a9da0000 - 0x00007ff9a9db0000 	C:\WINDOWS\System32\UMPDC.dll
0x00007ff9aa790000 - 0x00007ff9aa7a7000 	C:\WINDOWS\System32\cryptsp.dll
0x00007ff998640000 - 0x00007ff99865c000 	C:\Program Files\Java\jdk1.8.0_271\jre\bin\net.dll
0x00007ff9a9190000 - 0x00007ff9a91f7000 	C:\WINDOWS\system32\mswsock.dll
0x00007ff9a0ff0000 - 0x00007ff9a1006000 	C:\WINDOWS\system32\napinsp.dll
0x00007ff9a1010000 - 0x00007ff9a102a000 	C:\WINDOWS\system32\pnrpnsp.dll
0x00007ff9a8e90000 - 0x00007ff9a8f5b000 	C:\WINDOWS\SYSTEM32\DNSAPI.dll
0x00007ff9ac840000 - 0x00007ff9ac848000 	C:\WINDOWS\System32\NSI.dll
0x00007ff9a8e40000 - 0x00007ff9a8e7a000 	C:\WINDOWS\SYSTEM32\IPHLPAPI.DLL
0x00007ff9a1150000 - 0x00007ff9a115e000 	C:\WINDOWS\System32\winrnr.dll
0x00007ff9a56e0000 - 0x00007ff9a56fc000 	C:\WINDOWS\system32\NLAapi.dll
0x00007ff9a1160000 - 0x00007ff9a1175000 	C:\WINDOWS\system32\wshbth.dll
0x00007ff9a3d80000 - 0x00007ff9a3d8a000 	C:\Windows\System32\rasadhlp.dll
0x00007ff9a6190000 - 0x00007ff9a6207000 	C:\WINDOWS\System32\fwpuclnt.dll
0x00007ff9aaa90000 - 0x00007ff9aaab6000 	C:\WINDOWS\System32\bcrypt.dll
0x00007ff998070000 - 0x00007ff998083000 	C:\Program Files\Java\jdk1.8.0_271\jre\bin\nio.dll
0x00007ff9a5af0000 - 0x00007ff9a5b06000 	C:\WINDOWS\SYSTEM32\dhcpcsvc6.DLL
0x00007ff9a5ad0000 - 0x00007ff9a5aec000 	C:\WINDOWS\SYSTEM32\dhcpcsvc.DLL
0x00007ff9a3540000 - 0x00007ff9a354d000 	C:\Program Files\Java\jdk1.8.0_271\jre\bin\management.dll
0x00007ff991720000 - 0x00007ff991744000 	C:\Program Files\Java\jdk1.8.0_271\jre\bin\sunec.dll
0x00007ff9a8ca0000 - 0x00007ff9a8cd3000 	C:\WINDOWS\system32\rsaenh.dll
0x00007ff9a9c80000 - 0x00007ff9a9ca5000 	C:\WINDOWS\SYSTEM32\USERENV.dll
0x00007ff9a9360000 - 0x00007ff9a936c000 	C:\WINDOWS\SYSTEM32\CRYPTBASE.dll
0x00007ff9a7f30000 - 0x00007ff9a8124000 	C:\WINDOWS\SYSTEM32\dbghelp.dll

VM Arguments:
jvm_args: -javaagent:D:\proyectos\tools\eclipse\eclipse-jee-2020-09-R-win32-x86_64\eclipse\configuration\org.eclipse.osgi\908\0\.cp\jacocoagent.jar=includes=*,excludes=,exclclassloader=sun.reflect.DelegatingClassLoader,output=tcpclient,port=64626 -ea -Dfile.encoding=UTF-8 
java_command: org.eclipse.jdt.internal.junit.runner.RemoteTestRunner -version 3 -port 64627 -testLoaderClass org.eclipse.jdt.internal.junit5.runner.JUnit5TestLoader -loaderpluginname org.eclipse.jdt.junit5.runtime -packageNameFile C:\Users\PABLO~1.LIS\AppData\Local\Temp\packageNames8045832320411616242.txt
java_class_path (initial): C:\proyectos\kayros\workspace\kayros-webapp\target\test-classes;C:\proyectos\kayros\workspace\kayros-webapp\target\classes;C:\Users\pablo.liste\.m2\repository\org\springframework\boot\spring-boot-starter-web\2.3.3.RELEASE\spring-boot-starter-web-2.3.3.RELEASE.jar;C:\Users\pablo.liste\.m2\repository\org\springframework\boot\spring-boot-starter-json\2.3.3.RELEASE\spring-boot-starter-json-2.3.3.RELEASE.jar;C:\Users\pablo.liste\.m2\repository\com\fasterxml\jackson\datatype\jackson-datatype-jdk8\2.11.2\jackson-datatype-jdk8-2.11.2.jar;C:\Users\pablo.liste\.m2\repository\com\fasterxml\jackson\datatype\jackson-datatype-jsr310\2.11.2\jackson-datatype-jsr310-2.11.2.jar;C:\Users\pablo.liste\.m2\repository\com\fasterxml\jackson\module\jackson-module-parameter-names\2.11.2\jackson-module-parameter-names-2.11.2.jar;C:\Users\pablo.liste\.m2\repository\org\springframework\boot\spring-boot-starter-tomcat\2.3.3.RELEASE\spring-boot-starter-tomcat-2.3.3.RELEASE.jar;C:\Users\pablo.liste\.m2\repository\org\apache\tomcat\embed\tomcat-embed-core\9.0.37\tomcat-embed-core-9.0.37.jar;C:\Users\pablo.liste\.m2\repository\org\glassfish\jakarta.el\3.0.3\jakarta.el-3.0.3.jar;C:\Users\pablo.liste\.m2\repository\org\apache\tomcat\embed\tomcat-embed-websocket\9.0.37\tomcat-embed-websocket-9.0.37.jar;C:\Users\pablo.liste\.m2\repository\org\springframework\spring-webmvc\5.2.8.RELEASE\spring-webmvc-5.2.8.RELEASE.jar;C:\Users\pablo.liste\.m2\repository\org\zkoss\zkspringboot\zkspringboot-autoconfig\2.3.1\zkspringboot-autoconfig-2.3.1.jar;C:\Users\pablo.liste\.m2\repository\org\zkoss\zk\zkbind\9.0.0.1-Eval\zkbind-9.0.0.1-Eval.jar;C:\Users\pablo.liste\.m2\repository\org\javassist\javassist\3.18.2-GA\javassist-3.18.2-GA.jar;C:\Users\pablo.liste\.m2\repository\com\google\code\gson\gson\2.8.6\gson-2.8.6.jar;C:\Users\pablo.liste\.m2\repository\com\fasterxml\jackson\core\jackson-core\2.11.2\jackson-core-2.11.2.jar;C:\Users\pablo.liste\.m2\repository\com\fasterxml\jackson\core\jacks
Launcher Type: SUN_STANDARD

Environment Variables:
PATH=C:\Program Files (x86)\Common Files\Oracle\Java\javapath;C:\Program Files\Common Files\Oracle\Java\javapath;C:\WINDOWS\system32;C:\WINDOWS;C:\WINDOWS\System32\Wbem;C:\WINDOWS\System32\WindowsPowerShell\v1.0\;C:\WINDOWS\System32\OpenSSH\;C:\Program Files (x86)\Citrix\HDX\bin\;C:\Program Files\Citrix\HDX\bin\;C:\Program Files\Git\cmd;D:\proyectos\tools\putty\;C:\Users\pablo.liste\AppData\Local\Microsoft\WindowsApps;;D:\proyectos\tools\Microsoft VS Code\bin
USERNAME=pablo.liste
OS=Windows_NT
PROCESSOR_IDENTIFIER=Intel64 Family 6 Model 45 Stepping 2, GenuineIntel



---------------  S Y S T E M  ---------------

OS: Windows 10.0 , 64 bit Build 18362 (10.0.18362.1110)

CPU:total 2 (initial active 2) (2 cores per cpu, 1 threads per core) family 6 model 45 stepping 2, cmov, cx8, fxsr, mmx, sse, sse2, sse3, ssse3, sse4.1, sse4.2, popcnt, avx, aes, clmul, tsc, tscinvbit, tscinv

Memory: 4k page, physical 8388084k(985080k free), swap 13494324k(3068k free)

vm_info: Java HotSpot(TM) 64-Bit Server VM (25.271-b09) for windows-amd64 JRE (1.8.0_271-b09), built on Sep 16 2020 19:14:59 by "" with MS VC++ 15.9 (VS2017)

time: Tue Nov 24 13:18:41 2020
timezone: Romance Standard Time
elapsed time: 58.197584 seconds (0d 0h 0m 58s)

